0001_0016_0035_0038_0038.jpg 1 16 35 38 38
0002_0019_0009_0055_0055.jpg 1 19 9 55 55
0003_0026_0030_0058_0058.jpg 1 26 30 58 58
0004_0009_0023_0067_0067.jpg 1 9 23 67 67
0005_0029_0023_0067_0067.jpg 1 29 23 67 67
0006_0049_0055_0037_0037.jpg 1 49 55 37 37
0007_0010_0023_0036_0036.jpg 1 10 23 36 36
0008_0009_0021_0056_0056.jpg 1 9 21 56 56
0009_0031_0024_0046_0046.jpg 1 31 24 46 46
0010_0047_0027_0026_0026.jpg 1 47 27 26 26
0011_0005_0012_0060_0060.jpg 1 5 12 60 60
0012_0043_0043_0024_0024.jpg 1 43 43 24 24
0013_0013_0007_0067_0067.jpg 1 13 7 67 67
0014_0007_0051_0037_0037.jpg 1 7 51 37 37
0015_0017_0006_0048_0048.jpg 1 17 6 48 48
0016_0009_0008_0067_0067.jpg 1 9 8 67 67
0017_0007_0032_0036_0036.jpg 1 7 32 36 36
0018_0010_0028_0063_0063.jpg 1 10 28 63 63
0019_0044_0027_0051_0051.jpg 1 44 27 51 51
0020_0012_0023_0032_0032.jpg 1 12 23 32 32
0021_0054_0007_0031_0031.jpg 1 54 7 31 31
0022_0011_0045_0031_0031.jpg 1 11 45 31 31
0023_0013_0011_0058_0058.jpg 1 13 11 58 58
0024_0035_0027_0060_0060.jpg 1 35 27 60 60
0025_0011_0026_0069_0069.jpg 1 11 26 69 69
0026_0014_0012_0065_0065.jpg 1 14 12 65 65
0027_0030_0025_0042_0042.jpg 1 30 25 42 42
0028_0045_0063_0029_0029.jpg 1 45 63 29 29
0029_0019_0015_0050_0050.jpg 1 19 15 50 50
0030_0019_0043_0027_0027.jpg 1 19 43 27 27
0031_0039_0046_0039_0039.jpg 1 39 46 39 39
0032_0023_0009_0057_0057.jpg 1 23 9 57 57
0033_0038_0032_0032_0032.jpg 1 38 32 32 32
0034_0011_0021_0059_0059.jpg 1 11 21 59 59
0035_0031_0004_0057_0057.jpg 1 31 4 57 57
0036_0051_0046_0033_0033.jpg 1 51 46 33 33
0037_0051_0025_0040_0040.jpg 1 51 25 40 40
0038_0020_0060_0026_0026.jpg 1 20 60 26 26
0039_0010_0013_0066_0066.jpg 1 10 13 66 66
0040_0059_0042_0027_0027.jpg 1 59 42 27 27
0041_0035_0014_0057_0057.jpg 1 35 14 57 57
0042_0014_0011_0062_0062.jpg 1 14 11 62 62
0043_0014_0009_0041_0041.jpg 1 14 9 41 41
0044_0034_0032_0053_0053.jpg 1 34 32 53 53
0045_0062_0033_0024_0024.jpg 1 62 33 24 24
0046_0023_0030_0060_0060.jpg 1 23 30 60 60
0047_0043_0042_0046_0046.jpg 1 43 42 46 46
0048_0017_0010_0064_0064.jpg 1 17 10 64 64
0049_0025_0010_0059_0059.jpg 1 25 10 59 59
0050_0012_0022_0033_0033.jpg 1 12 22 33 33
0051_0011_0045_0045_0045.jpg 1 11 45 45 45
0052_0024_0012_0040_0040.jpg 1 24 12 40 40
0053_0035_0046_0040_0040.jpg 1 35 46 40 40
0054_0019_0025_0063_0063.jpg 1 19 25 63 63
0055_0040_0048_0034_0034.jpg 1 40 48 34 34
0056_0039_0023_0024_0024.jpg 1 39 23 24 24
0057_0014_0019_0057_0057.jpg 1 14 19 57 57
0058_0016_0017_0063_0063.jpg 1 16 17 63 63
0059_0022_0020_0038_0038.jpg 1 22 20 38 38
0060_0014_0016_0029_0029.jpg 1 14 16 29 29
0061_0035_0038_0043_0043.jpg 1 35 38 43 43
0062_0036_0043_0049_0049.jpg 1 36 43 49 49
0063_0032_0013_0054_0054.jpg 1 32 13 54 54
0064_0055_0059_0029_0029.jpg 1 55 59 29 29
0065_0030_0051_0037_0037.jpg 1 30 51 37 37
0066_0006_0033_0044_0044.jpg 1 6 33 44 44
0067_0026_0026_0051_0051.jpg 1 26 26 51 51
0068_0014_0008_0045_0045.jpg 1 14 8 45 45
0069_0035_0031_0049_0049.jpg 1 35 31 49 49
0070_0022_0023_0069_0069.jpg 1 22 23 69 69
0071_0030_0038_0051_0051.jpg 1 30 38 51 51
0072_0042_0022_0051_0051.jpg 1 42 22 51 51
0073_0006_0045_0045_0045.jpg 1 6 45 45 45
0074_0009_0033_0047_0047.jpg 1 9 33 47 47
0075_0047_0035_0035_0035.jpg 1 47 35 35 35
0076_0020_0007_0056_0056.jpg 1 20 7 56 56
0077_0042_0041_0041_0041.jpg 1 42 41 41 41
0078_0049_0055_0026_0026.jpg 1 49 55 26 26
0079_0056_0048_0027_0027.jpg 1 56 48 27 27
0080_0004_0009_0054_0054.jpg 1 4 9 54 54
0081_0041_0019_0047_0047.jpg 1 41 19 47 47
0082_0038_0032_0036_0036.jpg 1 38 32 36 36
0083_0012_0037_0045_0045.jpg 1 12 37 45 45
0084_0012_0020_0065_0065.jpg 1 12 20 65 65
0085_0026_0024_0062_0062.jpg 1 26 24 62 62
0086_0020_0022_0040_0040.jpg 1 20 22 40 40
0087_0005_0026_0045_0045.jpg 1 5 26 45 45
0088_0047_0023_0036_0036.jpg 1 47 23 36 36
0089_0005_0019_0068_0068.jpg 1 5 19 68 68
0090_0010_0008_0061_0061.jpg 1 10 8 61 61
0091_0035_0037_0057_0057.jpg 1 35 37 57 57
0092_0029_0027_0066_0066.jpg 1 29 27 66 66
0093_0058_0045_0026_0026.jpg 1 58 45 26 26
0094_0005_0045_0042_0042.jpg 1 5 45 42 42
0095_0006_0023_0041_0041.jpg 1 6 23 41 41
0096_0049_0025_0033_0033.jpg 1 49 25 33 33
0097_0040_0032_0054_0054.jpg 1 40 32 54 54
0098_0005_0015_0068_0068.jpg 1 5 15 68 68
0099_0018_0026_0062_0062.jpg 1 18 26 62 62
0100_0012_0019_0045_0045.jpg 1 12 19 45 45
0101_0023_0019_0049_0049.jpg 1 23 19 49 49
0102_0047_0047_0041_0041.jpg 1 47 47 41 41
0103_0032_0007_0059_0059.jpg 1 32 7 59 59
0104_0015_0045_0024_0024.jpg 1 15 45 24 24
0105_0038_0009_0056_0056.jpg 1 38 9 56 56
0106_0015_0037_0038_0038.jpg 1 15 37 38 38
0107_0017_0005_0063_0063.jpg 1 17 5 63 63
0108_0014_0011_0066_0066.jpg 1 14 11 66 66
0109_0010_0008_0026_0026.jpg 1 10 8 26 26
0110_0040_0055_0036_0036.jpg 1 40 55 36 36
0111_0027_0033_0060_0060.jpg 1 27 33 60 60
0112_0017_0016_0069_0069.jpg 1 17 16 69 69
0113_0032_0041_0046_0046.jpg 1 32 41 46 46
0114_0010_0035_0037_0037.jpg 1 10 35 37 37
0115_0042_0031_0027_0027.jpg 1 42 31 27 27
0116_0035_0017_0048_0048.jpg 1 35 17 48 48
0117_0016_0022_0051_0051.jpg 1 16 22 51 51
0118_0024_0020_0066_0066.jpg 1 24 20 66 66
0119_0028_0020_0066_0066.jpg 1 28 20 66 66
0120_0035_0033_0036_0036.jpg 1 35 33 36 36
0121_0030_0019_0054_0054.jpg 1 30 19 54 54
0122_0064_0032_0026_0026.jpg 1 64 32 26 26
0123_0051_0055_0030_0030.jpg 1 51 55 30 30
0124_0055_0044_0036_0036.jpg 1 55 44 36 36
0125_0048_0046_0046_0046.jpg 1 48 46 46 46
0126_0010_0018_0062_0062.jpg 1 10 18 62 62
0127_0027_0016_0068_0068.jpg 1 27 16 68 68
0128_0011_0007_0058_0058.jpg 1 11 7 58 58
0129_0010_0052_0034_0034.jpg 1 10 52 34 34
0130_0036_0016_0048_0048.jpg 1 36 16 48 48
0131_0005_0003_0067_0067.jpg 1 5 3 67 67
0132_0016_0006_0066_0066.jpg 1 16 6 66 66
0133_0011_0023_0039_0039.jpg 1 11 23 39 39
0134_0041_0013_0042_0042.jpg 1 41 13 42 42
0135_0014_0017_0065_0065.jpg 1 14 17 65 65
0136_0020_0050_0026_0026.jpg 1 20 50 26 26
0137_0043_0047_0041_0041.jpg 1 43 47 41 41
0138_0045_0017_0047_0047.jpg 1 45 17 47 47
0139_0030_0038_0055_0055.jpg 1 30 38 55 55
0140_0030_0064_0027_0027.jpg 1 30 64 27 27
0141_0022_0004_0069_0069.jpg 1 22 4 69 69
0142_0029_0016_0057_0057.jpg 1 29 16 57 57
0143_0012_0057_0028_0028.jpg 1 12 57 28 28
0144_0005_0004_0053_0053.jpg 1 5 4 53 53
0145_0007_0025_0054_0054.jpg 1 7 25 54 54
0146_0038_0031_0046_0046.jpg 1 38 31 46 46
0147_0005_0014_0060_0060.jpg 1 5 14 60 60
0148_0032_0060_0024_0024.jpg 1 32 60 24 24
0149_0016_0040_0053_0053.jpg 1 16 40 53 53
0150_0010_0027_0057_0057.jpg 1 10 27 57 57
0151_0062_0041_0029_0029.jpg 1 62 41 29 29
0152_0025_0019_0059_0059.jpg 1 25 19 59 59
0153_0011_0021_0062_0062.jpg 1 11 21 62 62
0154_0005_0019_0059_0059.jpg 1 5 19 59 59
0155_0041_0026_0025_0025.jpg 1 41 26 25 25
0156_0030_0014_0064_0064.jpg 1 30 14 64 64
0157_0007_0021_0055_0055.jpg 1 7 21 55 55
0158_0049_0059_0029_0029.jpg 1 49 59 29 29
0159_0007_0007_0064_0064.jpg 1 7 7 64 64
0160_0044_0037_0044_0044.jpg 1 44 37 44 44
0161_0059_0016_0024_0024.jpg 1 59 16 24 24
0162_0018_0009_0043_0043.jpg 1 18 9 43 43
0163_0051_0035_0042_0042.jpg 1 51 35 42 42
0164_0043_0008_0051_0051.jpg 1 43 8 51 51
0165_0025_0020_0064_0064.jpg 1 25 20 64 64
0166_0044_0045_0038_0038.jpg 1 44 45 38 38
0167_0040_0021_0047_0047.jpg 1 40 21 47 47
0168_0050_0023_0044_0044.jpg 1 50 23 44 44
0169_0028_0045_0048_0048.jpg 1 28 45 48 48
0170_0039_0041_0038_0038.jpg 1 39 41 38 38
0171_0013_0035_0034_0034.jpg 1 13 35 34 34
0172_0011_0025_0062_0062.jpg 1 11 25 62 62
0173_0008_0047_0033_0033.jpg 1 8 47 33 33
0174_0014_0008_0053_0053.jpg 1 14 8 53 53
0175_0026_0045_0046_0046.jpg 1 26 45 46 46
0176_0010_0014_0039_0039.jpg 1 10 14 39 39
0177_0019_0028_0025_0025.jpg 1 19 28 25 25
0178_0063_0047_0028_0028.jpg 1 63 47 28 28
0179_0064_0052_0028_0028.jpg 1 64 52 28 28
0180_0016_0060_0026_0026.jpg 1 16 60 26 26
0181_0026_0005_0066_0066.jpg 1 26 5 66 66
0182_0056_0044_0027_0027.jpg 1 56 44 27 27
0183_0032_0037_0048_0048.jpg 1 32 37 48 48
0184_0040_0037_0047_0047.jpg 1 40 37 47 47
0185_0039_0007_0044_0044.jpg 1 39 7 44 44
0186_0045_0024_0033_0033.jpg 1 45 24 33 33
0187_0025_0023_0063_0063.jpg 1 25 23 63 63
0188_0032_0020_0047_0047.jpg 1 32 20 47 47
0189_0013_0007_0053_0053.jpg 1 13 7 53 53
0190_0042_0017_0044_0044.jpg 1 42 17 44 44
0191_0008_0022_0052_0052.jpg 1 8 22 52 52
0192_0040_0056_0027_0027.jpg 1 40 56 27 27
0193_0012_0013_0068_0068.jpg 1 12 13 68 68
0194_0004_0033_0062_0062.jpg 1 4 33 62 62
0195_0028_0006_0055_0055.jpg 1 28 6 55 55
0196_0029_0050_0034_0034.jpg 1 29 50 34 34
0197_0030_0052_0031_0031.jpg 1 30 52 31 31
0198_0014_0046_0041_0041.jpg 1 14 46 41 41
0199_0046_0016_0027_0027.jpg 1 46 16 27 27
0200_0010_0009_0067_0067.jpg 1 10 9 67 67
0201_0025_0023_0028_0028.jpg 1 25 23 28 28
0202_0019_0004_0068_0068.jpg 1 19 4 68 68
0203_0008_0009_0068_0068.jpg 1 8 9 68 68
0204_0022_0005_0069_0069.jpg 1 22 5 69 69
0205_0035_0041_0053_0053.jpg 1 35 41 53 53
0206_0032_0024_0034_0034.jpg 1 32 24 34 34
0207_0024_0024_0045_0045.jpg 1 24 24 45 45
0208_0023_0024_0061_0061.jpg 1 23 24 61 61
0209_0008_0007_0050_0050.jpg 1 8 7 50 50
0210_0007_0051_0041_0041.jpg 1 7 51 41 41
0211_0006_0014_0045_0045.jpg 1 6 14 45 45
0212_0040_0051_0043_0043.jpg 1 40 51 43 43
0213_0046_0034_0045_0045.jpg 1 46 34 45 45
0214_0010_0041_0030_0030.jpg 1 10 41 30 30
0215_0026_0022_0052_0052.jpg 1 26 22 52 52
0216_0056_0007_0033_0033.jpg 1 56 7 33 33
0217_0016_0034_0045_0045.jpg 1 16 34 45 45
0218_0016_0011_0052_0052.jpg 1 16 11 52 52
0219_0055_0024_0030_0030.jpg 1 55 24 30 30
0220_0030_0012_0064_0064.jpg 1 30 12 64 64
0221_0027_0035_0038_0038.jpg 1 27 35 38 38
0222_0052_0045_0028_0028.jpg 1 52 45 28 28
0223_0019_0039_0055_0055.jpg 1 19 39 55 55
0224_0012_0010_0039_0039.jpg 1 12 10 39 39
0225_0043_0038_0028_0028.jpg 1 43 38 28 28
0226_0020_0016_0024_0024.jpg 1 20 16 24 24
0227_0041_0035_0035_0035.jpg 1 41 35 35 35
0228_0032_0045_0047_0047.jpg 1 32 45 47 47
0229_0017_0059_0032_0032.jpg 1 17 59 32 32
0230_0012_0019_0060_0060.jpg 1 12 19 60 60
0231_0037_0015_0027_0027.jpg 1 37 15 27 27
0232_0051_0048_0035_0035.jpg 1 51 48 35 35
0233_0012_0046_0027_0027.jpg 1 12 46 27 27
0234_0009_0019_0055_0055.jpg 1 9 19 55 55
0235_0030_0025_0042_0042.jpg 1 30 25 42 42
0236_0047_0047_0035_0035.jpg 1 47 47 35 35
0237_0016_0033_0038_0038.jpg 1 16 33 38 38
0238_0030_0009_0057_0057.jpg 1 30 9 57 57
0239_0027_0037_0046_0046.jpg 1 27 37 46 46
0240_0016_0006_0061_0061.jpg 1 16 6 61 61
0241_0043_0034_0037_0037.jpg 1 43 34 37 37
0242_0013_0026_0048_0048.jpg 1 13 26 48 48
0243_0038_0048_0041_0041.jpg 1 38 48 41 41
0244_0004_0028_0061_0061.jpg 1 4 28 61 61
0245_0039_0037_0034_0034.jpg 1 39 37 34 34
0246_0013_0043_0033_0033.jpg 1 13 43 33 33
0247_0009_0005_0064_0064.jpg 1 9 5 64 64
0248_0032_0038_0050_0050.jpg 1 32 38 50 50
0249_0025_0010_0066_0066.jpg 1 25 10 66 66
0250_0010_0009_0033_0033.jpg 1 10 9 33 33
0251_0031_0034_0039_0039.jpg 1 31 34 39 39
0252_0024_0035_0056_0056.jpg 1 24 35 56 56
0253_0030_0036_0057_0057.jpg 1 30 36 57 57
0254_0053_0016_0036_0036.jpg 1 53 16 36 36
0255_0031_0044_0048_0048.jpg 1 31 44 48 48
0256_0011_0005_0068_0068.jpg 1 11 5 68 68
0257_0038_0023_0042_0042.jpg 1 38 23 42 42
0258_0016_0040_0032_0032.jpg 1 16 40 32 32
0259_0027_0025_0053_0053.jpg 1 27 25 53 53
0260_0027_0009_0033_0033.jpg 1 27 9 33 33
0261_0005_0027_0066_0066.jpg 1 5 27 66 66
0262_0016_0029_0060_0060.jpg 1 16 29 60 60
0263_0024_0020_0069_0069.jpg 1 24 20 69 69
0264_0036_0050_0030_0030.jpg 1 36 50 30 30
0265_0047_0048_0045_0045.jpg 1 47 48 45 45
0266_0021_0034_0057_0057.jpg 1 21 34 57 57
0267_0018_0012_0069_0069.jpg 1 18 12 69 69
0268_0007_0024_0039_0039.jpg 1 7 24 39 39
0269_0019_0025_0033_0033.jpg 1 19 25 33 33
0270_0021_0037_0041_0041.jpg 1 21 37 41 41
0271_0021_0020_0025_0025.jpg 1 21 20 25 25
0272_0020_0008_0025_0025.jpg 1 20 8 25 25
0273_0020_0046_0031_0031.jpg 1 20 46 31 31
0274_0029_0019_0060_0060.jpg 1 29 19 60 60
0275_0030_0019_0039_0039.jpg 1 30 19 39 39
0276_0021_0024_0069_0069.jpg 1 21 24 69 69
0277_0059_0045_0032_0032.jpg 1 59 45 32 32
0278_0019_0048_0045_0045.jpg 1 19 48 45 45
0279_0009_0032_0061_0061.jpg 1 9 32 61 61
0280_0050_0045_0042_0042.jpg 1 50 45 42 42
0281_0020_0029_0058_0058.jpg 1 20 29 58 58
0282_0025_0013_0034_0034.jpg 1 25 13 34 34
0283_0009_0025_0067_0067.jpg 1 9 25 67 67
0284_0016_0025_0058_0058.jpg 1 16 25 58 58
0285_0011_0031_0062_0062.jpg 1 11 31 62 62
0286_0034_0057_0034_0034.jpg 1 34 57 34 34
0287_0014_0032_0055_0055.jpg 1 14 32 55 55
0288_0037_0017_0057_0057.jpg 1 37 17 57 57
0289_0023_0027_0062_0062.jpg 1 23 27 62 62
0290_0012_0026_0052_0052.jpg 1 12 26 52 52
0291_0054_0024_0037_0037.jpg 1 54 24 37 37
0292_0038_0053_0025_0025.jpg 1 38 53 25 25
0293_0013_0025_0041_0041.jpg 1 13 25 41 41
0294_0034_0038_0052_0052.jpg 1 34 38 52 52
0295_0021_0016_0037_0037.jpg 1 21 16 37 37
0296_0010_0042_0038_0038.jpg 1 10 42 38 38
0297_0054_0010_0035_0035.jpg 1 54 10 35 35
0298_0006_0035_0037_0037.jpg 1 6 35 37 37
0299_0010_0034_0034_0034.jpg 1 10 34 34 34
0300_0027_0034_0024_0024.jpg 1 27 34 24 24
0301_0055_0018_0036_0036.jpg 1 55 18 36 36
0302_0030_0050_0043_0043.jpg 1 30 50 43 43
0303_0011_0013_0052_0052.jpg 1 11 13 52 52
0304_0052_0011_0035_0035.jpg 1 52 11 35 35
0305_0042_0026_0031_0031.jpg 1 42 26 31 31
0306_0009_0048_0043_0043.jpg 1 9 48 43 43
0307_0005_0023_0062_0062.jpg 1 5 23 62 62
0308_0029_0034_0055_0055.jpg 1 29 34 55 55
0309_0007_0047_0040_0040.jpg 1 7 47 40 40
0310_0060_0040_0032_0032.jpg 1 60 40 32 32
0311_0031_0015_0064_0064.jpg 1 31 15 64 64
0312_0030_0036_0041_0041.jpg 1 30 36 41 41
0313_0010_0027_0068_0068.jpg 1 10 27 68 68
0314_0014_0016_0066_0066.jpg 1 14 16 66 66
0315_0028_0026_0044_0044.jpg 1 28 26 44 44
0316_0008_0010_0058_0058.jpg 1 8 10 58 58
0317_0040_0020_0053_0053.jpg 1 40 20 53 53
0318_0056_0012_0031_0031.jpg 1 56 12 31 31
0319_0040_0037_0050_0050.jpg 1 40 37 50 50
0320_0046_0036_0039_0039.jpg 1 46 36 39 39
0321_0028_0036_0041_0041.jpg 1 28 36 41 41
0322_0030_0008_0047_0047.jpg 1 30 8 47 47
0323_0014_0017_0057_0057.jpg 1 14 17 57 57
0324_0030_0027_0058_0058.jpg 1 30 27 58 58
0325_0025_0024_0046_0046.jpg 1 25 24 46 46
0326_0036_0039_0048_0048.jpg 1 36 39 48 48
0327_0020_0047_0047_0047.jpg 1 20 47 47 47
0328_0019_0017_0048_0048.jpg 1 19 17 48 48
0329_0008_0044_0042_0042.jpg 1 8 44 42 42
0330_0039_0026_0054_0054.jpg 1 39 26 54 54
0331_0019_0012_0052_0052.jpg 1 19 12 52 52
0332_0036_0046_0024_0024.jpg 1 36 46 24 24
0333_0022_0007_0048_0048.jpg 1 22 7 48 48
0334_0044_0019_0028_0028.jpg 1 44 19 28 28
0335_0034_0009_0057_0057.jpg 1 34 9 57 57
0336_0016_0057_0032_0032.jpg 1 16 57 32 32
0337_0055_0025_0036_0036.jpg 1 55 25 36 36
0338_0020_0004_0053_0053.jpg 1 20 4 53 53
0339_0047_0024_0038_0038.jpg 1 47 24 38 38
0340_0032_0018_0051_0051.jpg 1 32 18 51 51
0341_0034_0038_0055_0055.jpg 1 34 38 55 55
0342_0019_0032_0050_0050.jpg 1 19 32 50 50
0343_0010_0039_0051_0051.jpg 1 10 39 51 51
0344_0014_0051_0035_0035.jpg 1 14 51 35 35
0345_0016_0034_0049_0049.jpg 1 16 34 49 49
0346_0029_0014_0047_0047.jpg 1 29 14 47 47
0347_0054_0045_0038_0038.jpg 1 54 45 38 38
0348_0034_0012_0042_0042.jpg 1 34 12 42 42
0349_0059_0023_0029_0029.jpg 1 59 23 29 29
0350_0021_0039_0040_0040.jpg 1 21 39 40 40
0351_0005_0017_0058_0058.jpg 1 5 17 58 58
0352_0036_0023_0047_0047.jpg 1 36 23 47 47
0353_0024_0054_0026_0026.jpg 1 24 54 26 26
0354_0045_0021_0028_0028.jpg 1 45 21 28 28
0355_0014_0049_0042_0042.jpg 1 14 49 42 42
0356_0065_0031_0027_0027.jpg 1 65 31 27 27
0357_0008_0045_0037_0037.jpg 1 8 45 37 37
0358_0025_0031_0057_0057.jpg 1 25 31 57 57
0359_0040_0034_0027_0027.jpg 1 40 34 27 27
0360_0008_0007_0047_0047.jpg 1 8 7 47 47
0361_0015_0006_0065_0065.jpg 1 15 6 65 65
0362_0045_0012_0025_0025.jpg 1 45 12 25 25
0363_0008_0034_0052_0052.jpg 1 8 34 52 52
0364_0023_0039_0025_0025.jpg 1 23 39 25 25
0365_0019_0021_0068_0068.jpg 1 19 21 68 68
0366_0042_0022_0052_0052.jpg 1 42 22 52 52
0367_0031_0012_0061_0061.jpg 1 31 12 61 61
0368_0041_0009_0049_0049.jpg 1 41 9 49 49
0369_0016_0032_0046_0046.jpg 1 16 32 46 46
0370_0005_0033_0055_0055.jpg 1 5 33 55 55
0371_0028_0049_0037_0037.jpg 1 28 49 37 37
0372_0029_0046_0047_0047.jpg 1 29 46 47 47
0373_0030_0050_0032_0032.jpg 1 30 50 32 32
0374_0026_0012_0064_0064.jpg 1 26 12 64 64
0375_0018_0037_0042_0042.jpg 1 18 37 42 42
0376_0026_0006_0059_0059.jpg 1 26 6 59 59
0377_0027_0046_0045_0045.jpg 1 27 46 45 45
0378_0011_0031_0034_0034.jpg 1 11 31 34 34
0379_0013_0019_0026_0026.jpg 1 13 19 26 26
0380_0033_0011_0046_0046.jpg 1 33 11 46 46
0381_0017_0027_0035_0035.jpg 1 17 27 35 35
0382_0014_0060_0025_0025.jpg 1 14 60 25 25
0383_0015_0040_0053_0053.jpg 1 15 40 53 53
0384_0036_0032_0024_0024.jpg 1 36 32 24 24
0385_0006_0006_0061_0061.jpg 1 6 6 61 61
0386_0030_0011_0053_0053.jpg 1 30 11 53 53
0387_0008_0016_0061_0061.jpg 1 8 16 61 61
0388_0035_0023_0058_0058.jpg 1 35 23 58 58
0389_0035_0015_0058_0058.jpg 1 35 15 58 58
0390_0035_0043_0044_0044.jpg 1 35 43 44 44
0391_0026_0045_0047_0047.jpg 1 26 45 47 47
0392_0004_0018_0069_0069.jpg 1 4 18 69 69
0393_0005_0028_0058_0058.jpg 1 5 28 58 58
0394_0017_0009_0054_0054.jpg 1 17 9 54 54
0395_0031_0024_0057_0057.jpg 1 31 24 57 57
0396_0018_0026_0063_0063.jpg 1 18 26 63 63
0397_0034_0045_0049_0049.jpg 1 34 45 49 49
0398_0048_0050_0035_0035.jpg 1 48 50 35 35
0399_0039_0008_0041_0041.jpg 1 39 8 41 41
0400_0055_0022_0029_0029.jpg 1 55 22 29 29
0401_0022_0034_0060_0060.jpg 1 22 34 60 60
0402_0013_0018_0059_0059.jpg 1 13 18 59 59
0403_0027_0028_0035_0035.jpg 1 27 28 35 35
0404_0011_0024_0030_0030.jpg 1 11 24 30 30
0405_0030_0012_0062_0062.jpg 1 30 12 62 62
0406_0032_0034_0039_0039.jpg 1 32 34 39 39
0407_0031_0009_0062_0062.jpg 1 31 9 62 62
0408_0037_0038_0053_0053.jpg 1 37 38 53 53
0409_0005_0019_0057_0057.jpg 1 5 19 57 57
0410_0021_0021_0038_0038.jpg 1 21 21 38 38
0411_0034_0008_0031_0031.jpg 1 34 8 31 31
0412_0005_0031_0056_0056.jpg 1 5 31 56 56
0413_0058_0044_0024_0024.jpg 1 58 44 24 24
0414_0032_0040_0042_0042.jpg 1 32 40 42 42
0415_0008_0030_0058_0058.jpg 1 8 30 58 58
0416_0039_0010_0050_0050.jpg 1 39 10 50 50
0417_0039_0020_0053_0053.jpg 1 39 20 53 53
0418_0052_0007_0040_0040.jpg 1 52 7 40 40
0419_0039_0012_0044_0044.jpg 1 39 12 44 44
0420_0023_0037_0047_0047.jpg 1 23 37 47 47
0421_0009_0032_0062_0062.jpg 1 9 32 62 62
0422_0008_0006_0067_0067.jpg 1 8 6 67 67
0423_0040_0046_0037_0037.jpg 1 40 46 37 37
0424_0010_0026_0056_0056.jpg 1 10 26 56 56
0425_0030_0019_0065_0065.jpg 1 30 19 65 65
0426_0017_0031_0059_0059.jpg 1 17 31 59 59
0427_0006_0007_0043_0043.jpg 1 6 7 43 43
0428_0060_0058_0032_0032.jpg 1 60 58 32 32
0429_0040_0048_0036_0036.jpg 1 40 48 36 36
0430_0030_0033_0032_0032.jpg 1 30 33 32 32
0431_0030_0025_0065_0065.jpg 1 30 25 65 65
0432_0037_0043_0051_0051.jpg 1 37 43 51 51
0433_0059_0019_0031_0031.jpg 1 59 19 31 31
0434_0029_0006_0031_0031.jpg 1 29 6 31 31
0435_0014_0020_0054_0054.jpg 1 14 20 54 54
0436_0007_0060_0033_0033.jpg 1 7 60 33 33
0437_0013_0014_0051_0051.jpg 1 13 14 51 51
0438_0057_0041_0032_0032.jpg 1 57 41 32 32
0439_0032_0041_0039_0039.jpg 1 32 41 39 39
0440_0025_0042_0052_0052.jpg 1 25 42 52 52
0441_0050_0012_0037_0037.jpg 1 50 12 37 37
0442_0038_0061_0024_0024.jpg 1 38 61 24 24
0443_0046_0045_0027_0027.jpg 1 46 45 27 27
0444_0021_0023_0061_0061.jpg 1 21 23 61 61
0445_0044_0040_0043_0043.jpg 1 44 40 43 43
0446_0037_0018_0057_0057.jpg 1 37 18 57 57
0447_0011_0014_0049_0049.jpg 1 11 14 49 49
0448_0021_0011_0065_0065.jpg 1 21 11 65 65
0449_0040_0029_0049_0049.jpg 1 40 29 49 49
0450_0039_0042_0046_0046.jpg 1 39 42 46 46
0451_0021_0021_0059_0059.jpg 1 21 21 59 59
0452_0023_0042_0027_0027.jpg 1 23 42 27 27
0453_0040_0025_0048_0048.jpg 1 40 25 48 48
0454_0028_0038_0044_0044.jpg 1 28 38 44 44
0455_0023_0015_0064_0064.jpg 1 23 15 64 64
0456_0011_0036_0041_0041.jpg 1 11 36 41 41
0457_0017_0030_0041_0041.jpg 1 17 30 41 41
0458_0007_0016_0051_0051.jpg 1 7 16 51 51
0459_0022_0030_0032_0032.jpg 1 22 30 32 32
0460_0020_0026_0058_0058.jpg 1 20 26 58 58
0461_0038_0008_0028_0028.jpg 1 38 8 28 28
0462_0011_0021_0055_0055.jpg 1 11 21 55 55
0463_0007_0027_0064_0064.jpg 1 7 27 64 64
0464_0026_0035_0057_0057.jpg 1 26 35 57 57
0465_0023_0016_0050_0050.jpg 1 23 16 50 50
0466_0051_0043_0028_0028.jpg 1 51 43 28 28
0467_0042_0022_0025_0025.jpg 1 42 22 25 25
0468_0014_0034_0044_0044.jpg 1 14 34 44 44
0469_0025_0029_0046_0046.jpg 1 25 29 46 46
0470_0013_0025_0053_0053.jpg 1 13 25 53 53
0471_0041_0038_0042_0042.jpg 1 41 38 42 42
0472_0027_0044_0044_0044.jpg 1 27 44 44 44
0473_0012_0051_0031_0031.jpg 1 12 51 31 31
0474_0045_0017_0048_0048.jpg 1 45 17 48 48
0475_0015_0027_0038_0038.jpg 1 15 27 38 38
0476_0005_0019_0049_0049.jpg 1 5 19 49 49
0477_0021_0039_0043_0043.jpg 1 21 39 43 43
0478_0039_0059_0034_0034.jpg 1 39 59 34 34
0479_0041_0034_0049_0049.jpg 1 41 34 49 49
0480_0025_0016_0059_0059.jpg 1 25 16 59 59
0481_0046_0028_0046_0046.jpg 1 46 28 46 46
0482_0031_0048_0035_0035.jpg 1 31 48 35 35
0483_0007_0052_0036_0036.jpg 1 7 52 36 36
0484_0019_0044_0032_0032.jpg 1 19 44 32 32
0485_0032_0027_0063_0063.jpg 1 32 27 63 63
0486_0056_0049_0031_0031.jpg 1 56 49 31 31
0487_0004_0006_0060_0060.jpg 1 4 6 60 60
0488_0028_0014_0059_0059.jpg 1 28 14 59 59
0489_0059_0030_0031_0031.jpg 1 59 30 31 31
0490_0037_0036_0041_0041.jpg 1 37 36 41 41
0491_0012_0012_0047_0047.jpg 1 12 12 47 47
0492_0048_0033_0037_0037.jpg 1 48 33 37 37
0493_0030_0036_0025_0025.jpg 1 30 36 25 25
0494_0011_0025_0069_0069.jpg 1 11 25 69 69
0495_0030_0022_0060_0060.jpg 1 30 22 60 60
0496_0009_0039_0035_0035.jpg 1 9 39 35 35
0497_0015_0009_0025_0025.jpg 1 15 9 25 25
0498_0023_0017_0059_0059.jpg 1 23 17 59 59
0499_0031_0011_0061_0061.jpg 1 31 11 61 61
0500_0020_0036_0052_0052.jpg 1 20 36 52 52
0501_0036_0008_0046_0046.jpg 1 36 8 46 46
0502_0023_0015_0067_0067.jpg 1 23 15 67 67
0503_0010_0024_0047_0047.jpg 1 10 24 47 47
0504_0019_0010_0062_0062.jpg 1 19 10 62 62
0505_0043_0024_0039_0039.jpg 1 43 24 39 39
0506_0008_0043_0029_0029.jpg 1 8 43 29 29
0507_0033_0040_0039_0039.jpg 1 33 40 39 39
0508_0012_0025_0052_0052.jpg 1 12 25 52 52
0509_0026_0029_0025_0025.jpg 1 26 29 25 25
0510_0052_0039_0030_0030.jpg 1 52 39 30 30
0511_0053_0036_0034_0034.jpg 1 53 36 34 34
0512_0023_0006_0064_0064.jpg 1 23 6 64 64
0513_0015_0007_0045_0045.jpg 1 15 7 45 45
0514_0011_0030_0065_0065.jpg 1 11 30 65 65
0515_0039_0032_0045_0045.jpg 1 39 32 45 45
0516_0010_0030_0050_0050.jpg 1 10 30 50 50
0517_0024_0028_0059_0059.jpg 1 24 28 59 59
0518_0036_0021_0041_0041.jpg 1 36 21 41 41
0519_0017_0015_0046_0046.jpg 1 17 15 46 46
0520_0038_0014_0051_0051.jpg 1 38 14 51 51
0521_0011_0013_0033_0033.jpg 1 11 13 33 33
0522_0029_0006_0039_0039.jpg 1 29 6 39 39
0523_0009_0020_0064_0064.jpg 1 9 20 64 64
0524_0037_0012_0050_0050.jpg 1 37 12 50 50
0525_0022_0009_0026_0026.jpg 1 22 9 26 26
0526_0013_0051_0038_0038.jpg 1 13 51 38 38
0527_0038_0027_0028_0028.jpg 1 38 27 28 28
0528_0029_0024_0064_0064.jpg 1 29 24 64 64
0529_0005_0016_0048_0048.jpg 1 5 16 48 48
0530_0016_0026_0044_0044.jpg 1 16 26 44 44
0531_0035_0037_0048_0048.jpg 1 35 37 48 48
0532_0025_0014_0043_0043.jpg 1 25 14 43 43
0533_0005_0031_0049_0049.jpg 1 5 31 49 49
0534_0045_0029_0040_0040.jpg 1 45 29 40 40
0535_0015_0025_0031_0031.jpg 1 15 25 31 31
0536_0022_0031_0047_0047.jpg 1 22 31 47 47
0537_0034_0026_0058_0058.jpg 1 34 26 58 58
0538_0063_0009_0025_0025.jpg 1 63 9 25 25
0539_0019_0035_0054_0054.jpg 1 19 35 54 54
0540_0033_0030_0059_0059.jpg 1 33 30 59 59
0541_0050_0035_0034_0034.jpg 1 50 35 34 34
0542_0035_0014_0055_0055.jpg 1 35 14 55 55
0543_0048_0015_0027_0027.jpg 1 48 15 27 27
0544_0016_0003_0069_0069.jpg 1 16 3 69 69
0545_0038_0005_0045_0045.jpg 1 38 5 45 45
0546_0025_0021_0054_0054.jpg 1 25 21 54 54
0547_0015_0004_0060_0060.jpg 1 15 4 60 60
0548_0053_0012_0024_0024.jpg 1 53 12 24 24
0549_0047_0015_0035_0035.jpg 1 47 15 35 35
0550_0010_0035_0036_0036.jpg 1 10 35 36 36
0551_0047_0014_0045_0045.jpg 1 47 14 45 45
0552_0013_0006_0050_0050.jpg 1 13 6 50 50
0553_0035_0026_0047_0047.jpg 1 35 26 47 47
0554_0032_0020_0057_0057.jpg 1 32 20 57 57
0555_0035_0005_0059_0059.jpg 1 35 5 59 59
0556_0016_0016_0037_0037.jpg 1 16 16 37 37
0557_0016_0036_0031_0031.jpg 1 16 36 31 31
0558_0030_0020_0065_0065.jpg 1 30 20 65 65
0559_0047_0033_0038_0038.jpg 1 47 33 38 38
0560_0051_0047_0041_0041.jpg 1 51 47 41 41
0561_0017_0062_0025_0025.jpg 1 17 62 25 25
0562_0053_0050_0039_0039.jpg 1 53 50 39 39
0563_0030_0011_0052_0052.jpg 1 30 11 52 52
0564_0008_0017_0053_0053.jpg 1 8 17 53 53
0565_0017_0010_0056_0056.jpg 1 17 10 56 56
0566_0048_0048_0027_0027.jpg 1 48 48 27 27
0567_0015_0025_0062_0062.jpg 1 15 25 62 62
0568_0055_0042_0035_0035.jpg 1 55 42 35 35
0569_0030_0031_0044_0044.jpg 1 30 31 44 44
0570_0006_0031_0045_0045.jpg 1 6 31 45 45
0571_0010_0011_0058_0058.jpg 1 10 11 58 58
0572_0035_0028_0058_0058.jpg 1 35 28 58 58
0573_0026_0006_0068_0068.jpg 1 26 6 68 68
0574_0009_0020_0029_0029.jpg 1 9 20 29 29
0575_0040_0037_0049_0049.jpg 1 40 37 49 49
0576_0004_0027_0061_0061.jpg 1 4 27 61 61
0577_0029_0017_0044_0044.jpg 1 29 17 44 44
0578_0023_0016_0059_0059.jpg 1 23 16 59 59
0579_0013_0020_0060_0060.jpg 1 13 20 60 60
0580_0057_0039_0031_0031.jpg 1 57 39 31 31
0581_0035_0055_0037_0037.jpg 1 35 55 37 37
0582_0033_0038_0029_0029.jpg 1 33 38 29 29
0583_0041_0024_0033_0033.jpg 1 41 24 33 33
0584_0033_0018_0046_0046.jpg 1 33 18 46 46
0585_0060_0030_0026_0026.jpg 1 60 30 26 26
0586_0035_0008_0059_0059.jpg 1 35 8 59 59
0587_0039_0038_0054_0054.jpg 1 39 38 54 54
0588_0051_0017_0033_0033.jpg 1 51 17 33 33
0589_0016_0049_0038_0038.jpg 1 16 49 38 38
0590_0005_0005_0069_0069.jpg 1 5 5 69 69
0591_0010_0017_0066_0066.jpg 1 10 17 66 66
0592_0006_0033_0045_0045.jpg 1 6 33 45 45
0593_0031_0039_0047_0047.jpg 1 31 39 47 47
0594_0007_0033_0056_0056.jpg 1 7 33 56 56
0595_0014_0037_0051_0051.jpg 1 14 37 51 51
0596_0008_0026_0067_0067.jpg 1 8 26 67 67
0597_0027_0016_0065_0065.jpg 1 27 16 65 65
0598_0038_0017_0040_0040.jpg 1 38 17 40 40
0599_0032_0065_0025_0025.jpg 1 32 65 25 25
0600_0036_0005_0058_0058.jpg 1 36 5 58 58
0601_0042_0050_0040_0040.jpg 1 42 50 40 40
0602_0025_0019_0054_0054.jpg 1 25 19 54 54
0603_0037_0018_0027_0027.jpg 1 37 18 27 27
0604_0011_0054_0036_0036.jpg 1 11 54 36 36
0605_0040_0053_0036_0036.jpg 1 40 53 36 36
0606_0029_0023_0054_0054.jpg 1 29 23 54 54
0607_0060_0056_0030_0030.jpg 1 60 56 30 30
0608_0057_0060_0028_0028.jpg 1 57 60 28 28
0609_0035_0038_0043_0043.jpg 1 35 38 43 43
0610_0033_0041_0045_0045.jpg 1 33 41 45 45
0611_0007_0016_0064_0064.jpg 1 7 16 64 64
0612_0015_0027_0062_0062.jpg 1 15 27 62 62
0613_0004_0031_0064_0064.jpg 1 4 31 64 64
0614_0013_0030_0030_0030.jpg 1 13 30 30 30
0615_0053_0007_0033_0033.jpg 1 53 7 33 33
0616_0063_0046_0025_0025.jpg 1 63 46 25 25
0617_0024_0024_0062_0062.jpg 1 24 24 62 62
0618_0012_0009_0056_0056.jpg 1 12 9 56 56
0619_0050_0040_0026_0026.jpg 1 50 40 26 26
0620_0036_0055_0025_0025.jpg 1 36 55 25 25
0621_0023_0043_0046_0046.jpg 1 23 43 46 46
0622_0029_0018_0060_0060.jpg 1 29 18 60 60
0623_0022_0033_0042_0042.jpg 1 22 33 42 42
0624_0029_0021_0064_0064.jpg 1 29 21 64 64
0625_0013_0023_0068_0068.jpg 1 13 23 68 68
0626_0033_0015_0059_0059.jpg 1 33 15 59 59
0627_0003_0005_0067_0067.jpg 1 3 5 67 67
0628_0034_0029_0030_0030.jpg 1 34 29 30 30
0629_0034_0029_0030_0030.jpg 1 34 29 30 30
0630_0009_0015_0043_0043.jpg 1 9 15 43 43
0631_0047_0029_0032_0032.jpg 1 47 29 32 32
0632_0011_0013_0059_0059.jpg 1 11 13 59 59
0633_0031_0031_0046_0046.jpg 1 31 31 46 46
0634_0028_0020_0064_0064.jpg 1 28 20 64 64
0635_0056_0012_0031_0031.jpg 1 56 12 31 31
0636_0017_0011_0028_0028.jpg 1 17 11 28 28
0637_0012_0056_0028_0028.jpg 1 12 56 28 28
0638_0005_0015_0049_0049.jpg 1 5 15 49 49
0639_0028_0044_0040_0040.jpg 1 28 44 40 40
0640_0043_0010_0050_0050.jpg 1 43 10 50 50
0641_0012_0015_0041_0041.jpg 1 12 15 41 41
0642_0003_0027_0068_0068.jpg 1 3 27 68 68
0643_0022_0010_0051_0051.jpg 1 22 10 51 51
0644_0038_0014_0056_0056.jpg 1 38 14 56 56
0645_0016_0011_0024_0024.jpg 1 16 11 24 24
0646_0018_0015_0050_0050.jpg 1 18 15 50 50
0647_0008_0019_0066_0066.jpg 1 8 19 66 66
0648_0026_0021_0067_0067.jpg 1 26 21 67 67
0649_0006_0009_0062_0062.jpg 1 6 9 62 62
0650_0033_0022_0058_0058.jpg 1 33 22 58 58
0651_0043_0020_0044_0044.jpg 1 43 20 44 44
0652_0044_0029_0048_0048.jpg 1 44 29 48 48
0653_0033_0019_0056_0056.jpg 1 33 19 56 56
0654_0019_0037_0051_0051.jpg 1 19 37 51 51
0655_0044_0015_0033_0033.jpg 1 44 15 33 33
0656_0024_0027_0040_0040.jpg 1 24 27 40 40
0657_0033_0038_0042_0042.jpg 1 33 38 42 42
0658_0026_0023_0059_0059.jpg 1 26 23 59 59
0659_0035_0025_0030_0030.jpg 1 35 25 30 30
0660_0026_0018_0065_0065.jpg 1 26 18 65 65
0661_0023_0045_0041_0041.jpg 1 23 45 41 41
0662_0012_0035_0047_0047.jpg 1 12 35 47 47
0663_0032_0017_0062_0062.jpg 1 32 17 62 62
0664_0039_0008_0025_0025.jpg 1 39 8 25 25
0665_0006_0016_0063_0063.jpg 1 6 16 63 63
0666_0016_0019_0039_0039.jpg 1 16 19 39 39
0667_0045_0019_0045_0045.jpg 1 45 19 45 45
0668_0029_0022_0066_0066.jpg 1 29 22 66 66
0669_0016_0038_0044_0044.jpg 1 16 38 44 44
0670_0031_0041_0025_0025.jpg 1 31 41 25 25
0671_0041_0036_0054_0054.jpg 1 41 36 54 54
0672_0004_0028_0068_0068.jpg 1 4 28 68 68
0673_0009_0034_0036_0036.jpg 1 9 34 36 36
0674_0006_0040_0047_0047.jpg 1 6 40 47 47
0675_0040_0051_0042_0042.jpg 1 40 51 42 42
0676_0025_0034_0048_0048.jpg 1 25 34 48 48
0677_0005_0007_0053_0053.jpg 1 5 7 53 53
0678_0019_0011_0053_0053.jpg 1 19 11 53 53
0679_0007_0015_0063_0063.jpg 1 7 15 63 63
0680_0010_0003_0068_0068.jpg 1 10 3 68 68
0681_0017_0056_0025_0025.jpg 1 17 56 25 25
0682_0021_0035_0031_0031.jpg 1 21 35 31 31
0683_0051_0036_0036_0036.jpg 1 51 36 36 36
0684_0006_0015_0042_0042.jpg 1 6 15 42 42
0685_0015_0013_0067_0067.jpg 1 15 13 67 67
0686_0010_0018_0050_0050.jpg 1 10 18 50 50
0687_0026_0019_0064_0064.jpg 1 26 19 64 64
0688_0015_0032_0052_0052.jpg 1 15 32 52 52
0689_0012_0019_0059_0059.jpg 1 12 19 59 59
0690_0022_0020_0067_0067.jpg 1 22 20 67 67
0691_0014_0036_0055_0055.jpg 1 14 36 55 55
0692_0026_0025_0069_0069.jpg 1 26 25 69 69
0693_0023_0029_0053_0053.jpg 1 23 29 53 53
0694_0012_0028_0063_0063.jpg 1 12 28 63 63
0695_0029_0023_0043_0043.jpg 1 29 23 43 43
0696_0042_0050_0035_0035.jpg 1 42 50 35 35
0697_0019_0020_0041_0041.jpg 1 19 20 41 41
0698_0053_0034_0036_0036.jpg 1 53 34 36 36
0699_0008_0013_0045_0045.jpg 1 8 13 45 45
0700_0016_0023_0048_0048.jpg 1 16 23 48 48
0701_0014_0029_0038_0038.jpg 1 14 29 38 38
0702_0011_0032_0039_0039.jpg 1 11 32 39 39
0703_0007_0023_0048_0048.jpg 1 7 23 48 48
0704_0062_0013_0025_0025.jpg 1 62 13 25 25
0705_0032_0045_0029_0029.jpg 1 32 45 29 29
0706_0052_0033_0040_0040.jpg 1 52 33 40 40
0707_0024_0014_0059_0059.jpg 1 24 14 59 59
0708_0048_0045_0026_0026.jpg 1 48 45 26 26
0709_0026_0033_0059_0059.jpg 1 26 33 59 59
0710_0029_0017_0050_0050.jpg 1 29 17 50 50
0711_0017_0041_0046_0046.jpg 1 17 41 46 46
0712_0031_0011_0062_0062.jpg 1 31 11 62 62
0713_0051_0024_0042_0042.jpg 1 51 24 42 42
0714_0041_0013_0032_0032.jpg 1 41 13 32 32
0715_0026_0046_0027_0027.jpg 1 26 46 27 27
0716_0029_0017_0042_0042.jpg 1 29 17 42 42
0717_0030_0039_0031_0031.jpg 1 30 39 31 31
0718_0012_0004_0069_0069.jpg 1 12 4 69 69
0719_0010_0008_0063_0063.jpg 1 10 8 63 63
0720_0021_0008_0042_0042.jpg 1 21 8 42 42
0721_0030_0060_0026_0026.jpg 1 30 60 26 26
0722_0021_0032_0047_0047.jpg 1 21 32 47 47
0723_0059_0014_0025_0025.jpg 1 59 14 25 25
0724_0046_0010_0029_0029.jpg 1 46 10 29 29
0725_0029_0022_0065_0065.jpg 1 29 22 65 65
0726_0028_0030_0056_0056.jpg 1 28 30 56 56
0727_0009_0033_0045_0045.jpg 1 9 33 45 45
0728_0034_0027_0033_0033.jpg 1 34 27 33 33
0729_0021_0011_0028_0028.jpg 1 21 11 28 28
0730_0011_0018_0065_0065.jpg 1 11 18 65 65
0731_0039_0007_0054_0054.jpg 1 39 7 54 54
0732_0040_0041_0051_0051.jpg 1 40 41 51 51
0733_0038_0037_0053_0053.jpg 1 38 37 53 53
0734_0021_0015_0055_0055.jpg 1 21 15 55 55
0735_0014_0045_0046_0046.jpg 1 14 45 46 46
0736_0022_0008_0046_0046.jpg 1 22 8 46 46
0737_0013_0015_0063_0063.jpg 1 13 15 63 63
0738_0009_0015_0056_0056.jpg 1 9 15 56 56
0739_0036_0035_0034_0034.jpg 1 36 35 34 34
0740_0033_0050_0024_0024.jpg 1 33 50 24 24
0741_0013_0023_0041_0041.jpg 1 13 23 41 41
0742_0015_0032_0053_0053.jpg 1 15 32 53 53
0743_0012_0017_0038_0038.jpg 1 12 17 38 38
0744_0036_0056_0037_0037.jpg 1 36 56 37 37
0745_0018_0024_0068_0068.jpg 1 18 24 68 68
0746_0026_0038_0024_0024.jpg 1 26 38 24 24
0747_0045_0055_0037_0037.jpg 1 45 55 37 37
0748_0016_0022_0035_0035.jpg 1 16 22 35 35
0749_0041_0049_0040_0040.jpg 1 41 49 40 40
0750_0030_0014_0027_0027.jpg 1 30 14 27 27
0751_0023_0017_0053_0053.jpg 1 23 17 53 53
0752_0023_0008_0045_0045.jpg 1 23 8 45 45
0753_0009_0050_0036_0036.jpg 1 9 50 36 36
0754_0035_0027_0056_0056.jpg 1 35 27 56 56
0755_0034_0018_0055_0055.jpg 1 34 18 55 55
0756_0057_0046_0026_0026.jpg 1 57 46 26 26
0757_0049_0052_0029_0029.jpg 1 49 52 29 29
0758_0041_0031_0037_0037.jpg 1 41 31 37 37
0759_0011_0029_0044_0044.jpg 1 11 29 44 44
0760_0035_0015_0051_0051.jpg 1 35 15 51 51
0761_0003_0017_0069_0069.jpg 1 3 17 69 69
0762_0031_0019_0046_0046.jpg 1 31 19 46 46
0763_0009_0020_0048_0048.jpg 1 9 20 48 48
0764_0020_0023_0066_0066.jpg 1 20 23 66 66
0765_0029_0042_0044_0044.jpg 1 29 42 44 44
0766_0042_0052_0038_0038.jpg 1 42 52 38 38
0767_0003_0018_0069_0069.jpg 1 3 18 69 69
0768_0022_0038_0027_0027.jpg 1 22 38 27 27
0769_0038_0029_0048_0048.jpg 1 38 29 48 48
0770_0029_0008_0061_0061.jpg 1 29 8 61 61
0771_0015_0059_0033_0033.jpg 1 15 59 33 33
0772_0032_0036_0029_0029.jpg 1 32 36 29 29
0773_0029_0020_0045_0045.jpg 1 29 20 45 45
0774_0049_0043_0025_0025.jpg 1 49 43 25 25
0775_0012_0035_0060_0060.jpg 1 12 35 60 60
0776_0015_0059_0026_0026.jpg 1 15 59 26 26
0777_0005_0037_0054_0054.jpg 1 5 37 54 54
0778_0019_0024_0065_0065.jpg 1 19 24 65 65
0779_0039_0043_0043_0043.jpg 1 39 43 43 43
0780_0036_0005_0056_0056.jpg 1 36 5 56 56
0781_0022_0014_0048_0048.jpg 1 22 14 48 48
0782_0035_0044_0027_0027.jpg 1 35 44 27 27
0783_0011_0019_0056_0056.jpg 1 11 19 56 56
0784_0017_0021_0047_0047.jpg 1 17 21 47 47
0785_0021_0016_0041_0041.jpg 1 21 16 41 41
0786_0022_0029_0060_0060.jpg 1 22 29 60 60
0787_0046_0012_0029_0029.jpg 1 46 12 29 29
0788_0013_0018_0047_0047.jpg 1 13 18 47 47
0789_0054_0049_0037_0037.jpg 1 54 49 37 37
0790_0022_0010_0061_0061.jpg 1 22 10 61 61
0791_0011_0017_0061_0061.jpg 1 11 17 61 61
0792_0022_0010_0031_0031.jpg 1 22 10 31 31
0793_0018_0021_0069_0069.jpg 1 18 21 69 69
0794_0014_0008_0036_0036.jpg 1 14 8 36 36
0795_0006_0021_0049_0049.jpg 1 6 21 49 49
0796_0020_0033_0032_0032.jpg 1 20 33 32 32
0797_0006_0010_0056_0056.jpg 1 6 10 56 56
0798_0014_0031_0045_0045.jpg 1 14 31 45 45
0799_0047_0045_0047_0047.jpg 1 47 45 47 47
0800_0019_0007_0047_0047.jpg 1 19 7 47 47
0801_0058_0012_0027_0027.jpg 1 58 12 27 27
0802_0012_0007_0066_0066.jpg 1 12 7 66 66
0803_0057_0006_0034_0034.jpg 1 57 6 34 34
0804_0040_0044_0029_0029.jpg 1 40 44 29 29
0805_0024_0020_0069_0069.jpg 1 24 20 69 69
0806_0016_0067_0024_0024.jpg 1 16 67 24 24
0807_0015_0023_0044_0044.jpg 1 15 23 44 44
0808_0012_0018_0063_0063.jpg 1 12 18 63 63
0809_0018_0028_0046_0046.jpg 1 18 28 46 46
0810_0049_0062_0028_0028.jpg 1 49 62 28 28
0811_0023_0019_0068_0068.jpg 1 23 19 68 68
0812_0023_0048_0045_0045.jpg 1 23 48 45 45
0813_0025_0017_0053_0053.jpg 1 25 17 53 53
0814_0056_0043_0033_0033.jpg 1 56 43 33 33
0815_0039_0038_0049_0049.jpg 1 39 38 49 49
0816_0043_0034_0037_0037.jpg 1 43 34 37 37
0817_0016_0046_0041_0041.jpg 1 16 46 41 41
0818_0021_0009_0068_0068.jpg 1 21 9 68 68
0819_0005_0020_0062_0062.jpg 1 5 20 62 62
0820_0036_0039_0034_0034.jpg 1 36 39 34 34
0821_0033_0037_0043_0043.jpg 1 33 37 43 43
0822_0032_0006_0049_0049.jpg 1 32 6 49 49
0823_0061_0049_0028_0028.jpg 1 61 49 28 28
0824_0035_0019_0053_0053.jpg 1 35 19 53 53
0825_0013_0025_0030_0030.jpg 1 13 25 30 30
0826_0016_0040_0044_0044.jpg 1 16 40 44 44
0827_0024_0035_0034_0034.jpg 1 24 35 34 34
0828_0039_0052_0030_0030.jpg 1 39 52 30 30
0829_0031_0042_0043_0043.jpg 1 31 42 43 43
0830_0015_0021_0041_0041.jpg 1 15 21 41 41
0831_0033_0013_0049_0049.jpg 1 33 13 49 49
0832_0020_0017_0049_0049.jpg 1 20 17 49 49
0833_0031_0038_0047_0047.jpg 1 31 38 47 47
0834_0056_0033_0034_0034.jpg 1 56 33 34 34
0835_0020_0036_0058_0058.jpg 1 20 36 58 58
0836_0025_0030_0057_0057.jpg 1 25 30 57 57
0837_0006_0009_0068_0068.jpg 1 6 9 68 68
0838_0033_0035_0061_0061.jpg 1 33 35 61 61
0839_0023_0034_0057_0057.jpg 1 23 34 57 57
0840_0045_0026_0045_0045.jpg 1 45 26 45 45
0841_0029_0031_0044_0044.jpg 1 29 31 44 44
0842_0006_0012_0061_0061.jpg 1 6 12 61 61
0843_0028_0038_0041_0041.jpg 1 28 38 41 41
0844_0031_0045_0038_0038.jpg 1 31 45 38 38
0845_0011_0011_0055_0055.jpg 1 11 11 55 55
0846_0006_0019_0056_0056.jpg 1 6 19 56 56
0847_0004_0034_0054_0054.jpg 1 4 34 54 54
0848_0029_0014_0048_0048.jpg 1 29 14 48 48
0849_0048_0037_0034_0034.jpg 1 48 37 34 34
0850_0033_0005_0046_0046.jpg 1 33 5 46 46
0851_0025_0011_0038_0038.jpg 1 25 11 38 38
0852_0022_0008_0067_0067.jpg 1 22 8 67 67
0853_0038_0014_0046_0046.jpg 1 38 14 46 46
0854_0013_0005_0056_0056.jpg 1 13 5 56 56
0855_0030_0029_0058_0058.jpg 1 30 29 58 58
0856_0010_0033_0059_0059.jpg 1 10 33 59 59
0857_0031_0017_0042_0042.jpg 1 31 17 42 42
0858_0015_0041_0036_0036.jpg 1 15 41 36 36
0859_0039_0015_0024_0024.jpg 1 39 15 24 24
0860_0021_0016_0048_0048.jpg 1 21 16 48 48
0861_0007_0028_0049_0049.jpg 1 7 28 49 49
0862_0006_0021_0037_0037.jpg 1 6 21 37 37
0863_0032_0036_0051_0051.jpg 1 32 36 51 51
0864_0008_0025_0067_0067.jpg 1 8 25 67 67
0865_0005_0020_0060_0060.jpg 1 5 20 60 60
0866_0067_0023_0024_0024.jpg 1 67 23 24 24
0867_0022_0018_0037_0037.jpg 1 22 18 37 37
0868_0016_0019_0057_0057.jpg 1 16 19 57 57
0869_0026_0050_0040_0040.jpg 1 26 50 40 40
0870_0018_0032_0054_0054.jpg 1 18 32 54 54
0871_0052_0049_0029_0029.jpg 1 52 49 29 29
0872_0036_0021_0049_0049.jpg 1 36 21 49 49
0873_0035_0042_0047_0047.jpg 1 35 42 47 47
0874_0052_0044_0038_0038.jpg 1 52 44 38 38
0875_0024_0028_0032_0032.jpg 1 24 28 32 32
0876_0003_0005_0067_0067.jpg 1 3 5 67 67
0877_0017_0026_0053_0053.jpg 1 17 26 53 53
0878_0007_0032_0061_0061.jpg 1 7 32 61 61
0879_0014_0040_0047_0047.jpg 1 14 40 47 47
0880_0018_0003_0069_0069.jpg 1 18 3 69 69
0881_0006_0011_0067_0067.jpg 1 6 11 67 67
0882_0029_0015_0050_0050.jpg 1 29 15 50 50
0883_0026_0017_0024_0024.jpg 1 26 17 24 24
0884_0027_0034_0042_0042.jpg 1 27 34 42 42
0885_0026_0017_0044_0044.jpg 1 26 17 44 44
0886_0031_0018_0048_0048.jpg 1 31 18 48 48
0887_0021_0049_0036_0036.jpg 1 21 49 36 36
0888_0016_0014_0037_0037.jpg 1 16 14 37 37
0889_0036_0016_0059_0059.jpg 1 36 16 59 59
0890_0009_0023_0069_0069.jpg 1 9 23 69 69
0891_0013_0030_0043_0043.jpg 1 13 30 43 43
0892_0037_0037_0028_0028.jpg 1 37 37 28 28
0893_0044_0024_0027_0027.jpg 1 44 24 27 27
0894_0048_0033_0043_0043.jpg 1 48 33 43 43
0895_0036_0011_0029_0029.jpg 1 36 11 29 29
0896_0035_0018_0041_0041.jpg 1 35 18 41 41
0897_0009_0008_0066_0066.jpg 1 9 8 66 66
0898_0037_0029_0045_0045.jpg 1 37 29 45 45
0899_0053_0014_0038_0038.jpg 1 53 14 38 38
0900_0021_0013_0061_0061.jpg 1 21 13 61 61
0901_0051_0037_0030_0030.jpg 1 51 37 30 30
0902_0028_0016_0059_0059.jpg 1 28 16 59 59
0903_0035_0030_0029_0029.jpg 1 35 30 29 29
0904_0020_0027_0066_0066.jpg 1 20 27 66 66
0905_0037_0014_0054_0054.jpg 1 37 14 54 54
0906_0021_0022_0060_0060.jpg 1 21 22 60 60
0907_0030_0007_0062_0062.jpg 1 30 7 62 62
0908_0047_0033_0028_0028.jpg 1 47 33 28 28
0909_0008_0021_0046_0046.jpg 1 8 21 46 46
0910_0019_0013_0058_0058.jpg 1 19 13 58 58
0911_0006_0012_0051_0051.jpg 1 6 12 51 51
0912_0035_0031_0040_0040.jpg 1 35 31 40 40
0913_0013_0042_0046_0046.jpg 1 13 42 46 46
0914_0046_0010_0046_0046.jpg 1 46 10 46 46
0915_0019_0007_0045_0045.jpg 1 19 7 45 45
0916_0037_0033_0037_0037.jpg 1 37 33 37 37
0917_0044_0039_0038_0038.jpg 1 44 39 38 38
0918_0009_0008_0036_0036.jpg 1 9 8 36 36
0919_0010_0028_0030_0030.jpg 1 10 28 30 30
0920_0020_0024_0066_0066.jpg 1 20 24 66 66
0921_0030_0036_0033_0033.jpg 1 30 36 33 33
0922_0027_0014_0061_0061.jpg 1 27 14 61 61
0923_0024_0007_0067_0067.jpg 1 24 7 67 67
0924_0035_0012_0048_0048.jpg 1 35 12 48 48
0925_0026_0061_0024_0024.jpg 1 26 61 24 24
0926_0009_0011_0069_0069.jpg 1 9 11 69 69
0927_0031_0019_0052_0052.jpg 1 31 19 52 52
0928_0020_0013_0052_0052.jpg 1 20 13 52 52
0929_0009_0020_0064_0064.jpg 1 9 20 64 64
0930_0017_0017_0063_0063.jpg 1 17 17 63 63
0931_0055_0012_0037_0037.jpg 1 55 12 37 37
0932_0007_0036_0057_0057.jpg 1 7 36 57 57
0933_0019_0054_0038_0038.jpg 1 19 54 38 38
0934_0021_0049_0043_0043.jpg 1 21 49 43 43
0935_0017_0016_0034_0034.jpg 1 17 16 34 34
0936_0023_0034_0036_0036.jpg 1 23 34 36 36
0937_0007_0022_0065_0065.jpg 1 7 22 65 65
0938_0015_0038_0048_0048.jpg 1 15 38 48 48
0939_0026_0009_0061_0061.jpg 1 26 9 61 61
0940_0021_0026_0047_0047.jpg 1 21 26 47 47
0941_0029_0030_0034_0034.jpg 1 29 30 34 34
0942_0015_0025_0060_0060.jpg 1 15 25 60 60
0943_0052_0019_0041_0041.jpg 1 52 19 41 41
0944_0024_0022_0042_0042.jpg 1 24 22 42 42
0945_0006_0006_0063_0063.jpg 1 6 6 63 63
0946_0048_0035_0043_0043.jpg 1 48 35 43 43
0947_0064_0015_0028_0028.jpg 1 64 15 28 28
0948_0049_0031_0042_0042.jpg 1 49 31 42 42
0949_0048_0026_0026_0026.jpg 1 48 26 26 26
0950_0056_0022_0030_0030.jpg 1 56 22 30 30
0951_0022_0026_0062_0062.jpg 1 22 26 62 62
0952_0019_0023_0042_0042.jpg 1 19 23 42 42
0953_0004_0026_0056_0056.jpg 1 4 26 56 56
0954_0027_0010_0069_0069.jpg 1 27 10 69 69
0955_0065_0024_0025_0025.jpg 1 65 24 25 25
0956_0036_0035_0052_0052.jpg 1 36 35 52 52
0957_0012_0014_0038_0038.jpg 1 12 14 38 38
0958_0020_0038_0036_0036.jpg 1 20 38 36 36
0959_0037_0008_0050_0050.jpg 1 37 8 50 50
0960_0023_0021_0042_0042.jpg 1 23 21 42 42
0961_0006_0027_0054_0054.jpg 1 6 27 54 54
0962_0029_0012_0043_0043.jpg 1 29 12 43 43
0963_0036_0019_0057_0057.jpg 1 36 19 57 57
0964_0043_0058_0033_0033.jpg 1 43 58 33 33
0965_0031_0005_0063_0063.jpg 1 31 5 63 63
0966_0018_0023_0061_0061.jpg 1 18 23 61 61
0967_0016_0016_0065_0065.jpg 1 16 16 65 65
0968_0038_0055_0038_0038.jpg 1 38 55 38 38
0969_0034_0055_0032_0032.jpg 1 34 55 32 32
0970_0016_0024_0056_0056.jpg 1 16 24 56 56
0971_0018_0042_0052_0052.jpg 1 18 42 52 52
0972_0025_0026_0067_0067.jpg 1 25 26 67 67
0973_0018_0023_0062_0062.jpg 1 18 23 62 62
0974_0012_0014_0029_0029.jpg 1 12 14 29 29
0975_0036_0027_0041_0041.jpg 1 36 27 41 41
0976_0025_0007_0063_0063.jpg 1 25 7 63 63
0977_0058_0060_0025_0025.jpg 1 58 60 25 25
0978_0037_0041_0053_0053.jpg 1 37 41 53 53
0979_0044_0041_0044_0044.jpg 1 44 41 44 44
0980_0017_0017_0044_0044.jpg 1 17 17 44 44
0981_0016_0007_0054_0054.jpg 1 16 7 54 54
0982_0024_0012_0040_0040.jpg 1 24 12 40 40
0983_0018_0011_0063_0063.jpg 1 18 11 63 63
0984_0048_0030_0046_0046.jpg 1 48 30 46 46
0985_0041_0030_0036_0036.jpg 1 41 30 36 36
0986_0012_0032_0058_0058.jpg 1 12 32 58 58
0987_0018_0024_0032_0032.jpg 1 18 24 32 32
0988_0043_0008_0027_0027.jpg 1 43 8 27 27
0989_0006_0003_0068_0068.jpg 1 6 3 68 68
0990_0019_0030_0045_0045.jpg 1 19 30 45 45
0991_0022_0030_0045_0045.jpg 1 22 30 45 45
0992_0019_0013_0045_0045.jpg 1 19 13 45 45
0993_0046_0013_0034_0034.jpg 1 46 13 34 34
0994_0014_0038_0040_0040.jpg 1 14 38 40 40
0995_0027_0036_0028_0028.jpg 1 27 36 28 28
0996_0007_0003_0068_0068.jpg 1 7 3 68 68
0997_0029_0026_0059_0059.jpg 1 29 26 59 59
0998_0029_0031_0032_0032.jpg 1 29 31 32 32
0999_0037_0026_0052_0052.jpg 1 37 26 52 52
1000_0015_0028_0062_0062.jpg 1 15 28 62 62
1001_0006_0040_0047_0047.jpg 1 6 40 47 47
1002_0008_0041_0051_0051.jpg 1 8 41 51 51
1003_0016_0032_0058_0058.jpg 1 16 32 58 58
1004_0058_0014_0028_0028.jpg 1 58 14 28 28
1005_0018_0048_0038_0038.jpg 1 18 48 38 38
1006_0067_0057_0024_0024.jpg 1 67 57 24 24
1007_0039_0011_0025_0025.jpg 1 39 11 25 25
1008_0026_0025_0044_0044.jpg 1 26 25 44 44
1009_0016_0005_0069_0069.jpg 1 16 5 69 69
1010_0009_0016_0040_0040.jpg 1 9 16 40 40
1011_0015_0012_0068_0068.jpg 1 15 12 68 68
1012_0027_0022_0030_0030.jpg 1 27 22 30 30
1013_0045_0051_0029_0029.jpg 1 45 51 29 29
1014_0053_0045_0033_0033.jpg 1 53 45 33 33
1015_0013_0015_0054_0054.jpg 1 13 15 54 54
1016_0017_0031_0064_0064.jpg 1 17 31 64 64
1017_0019_0031_0063_0063.jpg 1 19 31 63 63
1018_0045_0010_0039_0039.jpg 1 45 10 39 39
1019_0006_0021_0064_0064.jpg 1 6 21 64 64
1020_0038_0022_0052_0052.jpg 1 38 22 52 52
1021_0013_0010_0069_0069.jpg 1 13 10 69 69
1022_0023_0012_0062_0062.jpg 1 23 12 62 62
1023_0036_0008_0059_0059.jpg 1 36 8 59 59
1024_0006_0020_0047_0047.jpg 1 6 20 47 47
1025_0021_0044_0050_0050.jpg 1 21 44 50 50
1026_0022_0007_0067_0067.jpg 1 22 7 67 67
1027_0026_0023_0064_0064.jpg 1 26 23 64 64
1028_0014_0025_0060_0060.jpg 1 14 25 60 60
1029_0061_0049_0025_0025.jpg 1 61 49 25 25
1030_0019_0022_0060_0060.jpg 1 19 22 60 60
1031_0027_0028_0065_0065.jpg 1 27 28 65 65
1032_0020_0033_0048_0048.jpg 1 20 33 48 48
1033_0025_0012_0063_0063.jpg 1 25 12 63 63
1034_0042_0008_0044_0044.jpg 1 42 8 44 44
1035_0014_0010_0053_0053.jpg 1 14 10 53 53
1036_0015_0035_0056_0056.jpg 1 15 35 56 56
1037_0034_0039_0052_0052.jpg 1 34 39 52 52
1038_0016_0034_0054_0054.jpg 1 16 34 54 54
1039_0009_0016_0064_0064.jpg 1 9 16 64 64
1040_0013_0028_0065_0065.jpg 1 13 28 65 65
1041_0010_0023_0057_0057.jpg 1 10 23 57 57
1042_0028_0018_0062_0062.jpg 1 28 18 62 62
1043_0028_0019_0030_0030.jpg 1 28 19 30 30
1044_0008_0017_0035_0035.jpg 1 8 17 35 35
1045_0043_0019_0042_0042.jpg 1 43 19 42 42
1046_0021_0008_0063_0063.jpg 1 21 8 63 63
1047_0018_0012_0059_0059.jpg 1 18 12 59 59
1048_0036_0013_0038_0038.jpg 1 36 13 38 38
1049_0032_0045_0045_0045.jpg 1 32 45 45 45
1050_0003_0006_0068_0068.jpg 1 3 6 68 68
1051_0011_0025_0052_0052.jpg 1 11 25 52 52
1052_0013_0021_0069_0069.jpg 1 13 21 69 69
1053_0053_0047_0038_0038.jpg 1 53 47 38 38
1054_0026_0038_0051_0051.jpg 1 26 38 51 51
1055_0006_0007_0069_0069.jpg 1 6 7 69 69
1056_0021_0031_0038_0038.jpg 1 21 31 38 38
1057_0006_0006_0055_0055.jpg 1 6 6 55 55
1058_0027_0040_0041_0041.jpg 1 27 40 41 41
1059_0037_0017_0050_0050.jpg 1 37 17 50 50
1060_0052_0031_0040_0040.jpg 1 52 31 40 40
1061_0017_0042_0051_0051.jpg 1 17 42 51 51
1062_0033_0007_0062_0062.jpg 1 33 7 62 62
1063_0011_0048_0033_0033.jpg 1 11 48 33 33
1064_0025_0013_0031_0031.jpg 1 25 13 31 31
1065_0042_0017_0034_0034.jpg 1 42 17 34 34
1066_0041_0008_0044_0044.jpg 1 41 8 44 44
1067_0023_0011_0062_0062.jpg 1 23 11 62 62
1068_0043_0038_0048_0048.jpg 1 43 38 48 48
1069_0008_0027_0057_0057.jpg 1 8 27 57 57
1070_0025_0018_0039_0039.jpg 1 25 18 39 39
1071_0016_0006_0040_0040.jpg 1 16 6 40 40
1072_0008_0006_0068_0068.jpg 1 8 6 68 68
1073_0051_0015_0033_0033.jpg 1 51 15 33 33
1074_0025_0051_0037_0037.jpg 1 25 51 37 37
1075_0011_0036_0045_0045.jpg 1 11 36 45 45
1076_0009_0035_0046_0046.jpg 1 9 35 46 46
1077_0038_0026_0047_0047.jpg 1 38 26 47 47
1078_0040_0027_0051_0051.jpg 1 40 27 51 51
1079_0026_0020_0053_0053.jpg 1 26 20 53 53
1080_0011_0036_0049_0049.jpg 1 11 36 49 49
1081_0062_0019_0028_0028.jpg 1 62 19 28 28
1082_0007_0006_0064_0064.jpg 1 7 6 64 64
1083_0031_0015_0064_0064.jpg 1 31 15 64 64
1084_0004_0014_0067_0067.jpg 1 4 14 67 67
1085_0025_0016_0068_0068.jpg 1 25 16 68 68
1086_0012_0013_0069_0069.jpg 1 12 13 69 69
1087_0019_0007_0052_0052.jpg 1 19 7 52 52
1088_0042_0014_0050_0050.jpg 1 42 14 50 50
1089_0035_0011_0049_0049.jpg 1 35 11 49 49
1090_0022_0017_0065_0065.jpg 1 22 17 65 65
1091_0038_0031_0054_0054.jpg 1 38 31 54 54
1092_0045_0016_0044_0044.jpg 1 45 16 44 44
1093_0008_0018_0046_0046.jpg 1 8 18 46 46
1094_0012_0011_0050_0050.jpg 1 12 11 50 50
1095_0010_0042_0025_0025.jpg 1 10 42 25 25
1096_0011_0041_0044_0044.jpg 1 11 41 44 44
1097_0042_0020_0050_0050.jpg 1 42 20 50 50
1098_0014_0034_0062_0062.jpg 1 14 34 62 62
1099_0036_0021_0059_0059.jpg 1 36 21 59 59
1100_0031_0028_0037_0037.jpg 1 31 28 37 37
1101_0016_0041_0054_0054.jpg 1 16 41 54 54
1102_0033_0017_0035_0035.jpg 1 33 17 35 35
1103_0005_0005_0068_0068.jpg 1 5 5 68 68
1104_0046_0041_0040_0040.jpg 1 46 41 40 40
1105_0029_0039_0044_0044.jpg 1 29 39 44 44
1106_0005_0016_0068_0068.jpg 1 5 16 68 68
1107_0017_0014_0044_0044.jpg 1 17 14 44 44
1108_0017_0016_0051_0051.jpg 1 17 16 51 51
1109_0033_0016_0043_0043.jpg 1 33 16 43 43
1110_0007_0005_0054_0054.jpg 1 7 5 54 54
1111_0011_0010_0059_0059.jpg 1 11 10 59 59
1112_0050_0026_0038_0038.jpg 1 50 26 38 38
1113_0026_0029_0056_0056.jpg 1 26 29 56 56
1114_0028_0008_0039_0039.jpg 1 28 8 39 39
1115_0008_0044_0029_0029.jpg 1 8 44 29 29
1116_0035_0015_0032_0032.jpg 1 35 15 32 32
1117_0007_0009_0066_0066.jpg 1 7 9 66 66
1118_0025_0009_0035_0035.jpg 1 25 9 35 35
1119_0024_0016_0028_0028.jpg 1 24 16 28 28
1120_0051_0015_0026_0026.jpg 1 51 15 26 26
1121_0034_0018_0030_0030.jpg 1 34 18 30 30
1122_0027_0021_0059_0059.jpg 1 27 21 59 59
1123_0032_0018_0052_0052.jpg 1 32 18 52 52
1124_0033_0017_0058_0058.jpg 1 33 17 58 58
1125_0013_0027_0054_0054.jpg 1 13 27 54 54
1126_0027_0049_0035_0035.jpg 1 27 49 35 35
1127_0013_0024_0062_0062.jpg 1 13 24 62 62
1128_0036_0024_0029_0029.jpg 1 36 24 29 29
1129_0017_0022_0066_0066.jpg 1 17 22 66 66
1130_0026_0004_0064_0064.jpg 1 26 4 64 64
1131_0026_0011_0068_0068.jpg 1 26 11 68 68
1132_0033_0018_0057_0057.jpg 1 33 18 57 57
1133_0026_0041_0041_0041.jpg 1 26 41 41 41
1134_0040_0036_0053_0053.jpg 1 40 36 53 53
1135_0029_0007_0033_0033.jpg 1 29 7 33 33
1136_0004_0014_0062_0062.jpg 1 4 14 62 62
1137_0021_0015_0042_0042.jpg 1 21 15 42 42
1138_0020_0037_0027_0027.jpg 1 20 37 27 27
1139_0019_0006_0047_0047.jpg 1 19 6 47 47
1140_0033_0038_0037_0037.jpg 1 33 38 37 37
1141_0027_0027_0029_0029.jpg 1 27 27 29 29
1142_0028_0041_0035_0035.jpg 1 28 41 35 35
1143_0041_0040_0053_0053.jpg 1 41 40 53 53
1144_0037_0039_0039_0039.jpg 1 37 39 39 39
1145_0040_0021_0036_0036.jpg 1 40 21 36 36
1146_0017_0011_0048_0048.jpg 1 17 11 48 48
1147_0030_0020_0064_0064.jpg 1 30 20 64 64
1148_0035_0028_0046_0046.jpg 1 35 28 46 46
1149_0053_0048_0031_0031.jpg 1 53 48 31 31
1150_0038_0041_0051_0051.jpg 1 38 41 51 51
1151_0014_0024_0067_0067.jpg 1 14 24 67 67
1152_0027_0041_0045_0045.jpg 1 27 41 45 45
1153_0021_0006_0045_0045.jpg 1 21 6 45 45
1154_0050_0060_0033_0033.jpg 1 50 60 33 33
1155_0021_0016_0067_0067.jpg 1 21 16 67 67
1156_0051_0042_0026_0026.jpg 1 51 42 26 26
1157_0055_0051_0029_0029.jpg 1 55 51 29 29
1158_0062_0020_0026_0026.jpg 1 62 20 26 26
1159_0029_0030_0030_0030.jpg 1 29 30 30 30
1160_0012_0010_0066_0066.jpg 1 12 10 66 66
1161_0033_0006_0034_0034.jpg 1 33 6 34 34
1162_0015_0010_0061_0061.jpg 1 15 10 61 61
1163_0028_0030_0065_0065.jpg 1 28 30 65 65
1164_0036_0019_0049_0049.jpg 1 36 19 49 49
1165_0018_0026_0064_0064.jpg 1 18 26 64 64
1166_0005_0011_0059_0059.jpg 1 5 11 59 59
1167_0035_0013_0048_0048.jpg 1 35 13 48 48
1168_0037_0036_0029_0029.jpg 1 37 36 29 29
1169_0025_0028_0027_0027.jpg 1 25 28 27 27
1170_0006_0031_0064_0064.jpg 1 6 31 64 64
1171_0054_0039_0032_0032.jpg 1 54 39 32 32
1172_0030_0022_0039_0039.jpg 1 30 22 39 39
1173_0008_0034_0050_0050.jpg 1 8 34 50 50
1174_0013_0028_0051_0051.jpg 1 13 28 51 51
1175_0014_0005_0057_0057.jpg 1 14 5 57 57
1176_0015_0015_0039_0039.jpg 1 15 15 39 39
1177_0007_0028_0061_0061.jpg 1 7 28 61 61
1178_0036_0020_0057_0057.jpg 1 36 20 57 57
1179_0011_0026_0051_0051.jpg 1 11 26 51 51
1180_0018_0012_0048_0048.jpg 1 18 12 48 48
1181_0005_0005_0054_0054.jpg 1 5 5 54 54
1182_0011_0011_0037_0037.jpg 1 11 11 37 37
1183_0015_0018_0053_0053.jpg 1 15 18 53 53
1184_0005_0041_0049_0049.jpg 1 5 41 49 49
1185_0023_0026_0046_0046.jpg 1 23 26 46 46
1186_0019_0049_0043_0043.jpg 1 19 49 43 43
1187_0032_0039_0028_0028.jpg 1 32 39 28 28
1188_0023_0034_0025_0025.jpg 1 23 34 25 25
1189_0031_0021_0063_0063.jpg 1 31 21 63 63
1190_0009_0029_0036_0036.jpg 1 9 29 36 36
1191_0046_0013_0042_0042.jpg 1 46 13 42 42
1192_0018_0014_0050_0050.jpg 1 18 14 50 50
1193_0045_0012_0046_0046.jpg 1 45 12 46 46
1194_0015_0025_0062_0062.jpg 1 15 25 62 62
1195_0040_0059_0025_0025.jpg 1 40 59 25 25
1196_0007_0040_0048_0048.jpg 1 7 40 48 48
1197_0039_0007_0030_0030.jpg 1 39 7 30 30
1198_0005_0017_0062_0062.jpg 1 5 17 62 62
1199_0029_0048_0044_0044.jpg 1 29 48 44 44
1200_0008_0026_0068_0068.jpg 1 8 26 68 68
1201_0026_0009_0044_0044.jpg 1 26 9 44 44
1202_0005_0043_0051_0051.jpg 1 5 43 51 51
1203_0014_0008_0068_0068.jpg 1 14 8 68 68
1204_0006_0005_0045_0045.jpg 1 6 5 45 45
1205_0029_0011_0061_0061.jpg 1 29 11 61 61
1206_0021_0025_0069_0069.jpg 1 21 25 69 69
1207_0038_0037_0048_0048.jpg 1 38 37 48 48
1208_0027_0040_0027_0027.jpg 1 27 40 27 27
1209_0057_0010_0036_0036.jpg 1 57 10 36 36
1210_0044_0015_0030_0030.jpg 1 44 15 30 30
1211_0015_0036_0058_0058.jpg 1 15 36 58 58
1212_0018_0046_0028_0028.jpg 1 18 46 28 28
1213_0040_0045_0043_0043.jpg 1 40 45 43 43
1214_0024_0033_0048_0048.jpg 1 24 33 48 48
1215_0020_0011_0054_0054.jpg 1 20 11 54 54
1216_0010_0065_0026_0026.jpg 1 10 65 26 26
1217_0044_0030_0032_0032.jpg 1 44 30 32 32
1218_0021_0024_0055_0055.jpg 1 21 24 55 55
1219_0024_0039_0050_0050.jpg 1 24 39 50 50
1220_0016_0031_0045_0045.jpg 1 16 31 45 45
1221_0022_0034_0061_0061.jpg 1 22 34 61 61
1222_0012_0043_0029_0029.jpg 1 12 43 29 29
1223_0023_0022_0028_0028.jpg 1 23 22 28 28
1224_0014_0031_0061_0061.jpg 1 14 31 61 61
1225_0034_0005_0055_0055.jpg 1 34 5 55 55
1226_0016_0038_0033_0033.jpg 1 16 38 33 33
1227_0014_0014_0063_0063.jpg 1 14 14 63 63
1228_0029_0029_0041_0041.jpg 1 29 29 41 41
1229_0046_0019_0030_0030.jpg 1 46 19 30 30
1230_0025_0046_0027_0027.jpg 1 25 46 27 27
1231_0024_0036_0044_0044.jpg 1 24 36 44 44
1232_0057_0012_0027_0027.jpg 1 57 12 27 27
1233_0042_0015_0046_0046.jpg 1 42 15 46 46
1234_0017_0035_0045_0045.jpg 1 17 35 45 45
1235_0036_0021_0037_0037.jpg 1 36 21 37 37
1236_0048_0017_0042_0042.jpg 1 48 17 42 42
1237_0024_0027_0059_0059.jpg 1 24 27 59 59
1238_0018_0034_0051_0051.jpg 1 18 34 51 51
1239_0005_0028_0048_0048.jpg 1 5 28 48 48
1240_0052_0027_0036_0036.jpg 1 52 27 36 36
1241_0018_0040_0055_0055.jpg 1 18 40 55 55
1242_0056_0024_0025_0025.jpg 1 56 24 25 25
1243_0031_0007_0064_0064.jpg 1 31 7 64 64
1244_0007_0021_0066_0066.jpg 1 7 21 66 66
1245_0007_0012_0042_0042.jpg 1 7 12 42 42
1246_0011_0036_0051_0051.jpg 1 11 36 51 51
1247_0023_0032_0046_0046.jpg 1 23 32 46 46
1248_0020_0028_0056_0056.jpg 1 20 28 56 56
1249_0013_0034_0050_0050.jpg 1 13 34 50 50
1250_0038_0052_0034_0034.jpg 1 38 52 34 34
1251_0014_0026_0064_0064.jpg 1 14 26 64 64
1252_0036_0042_0027_0027.jpg 1 36 42 27 27
1253_0056_0053_0025_0025.jpg 1 56 53 25 25
1254_0014_0031_0061_0061.jpg 1 14 31 61 61
1255_0009_0007_0058_0058.jpg 1 9 7 58 58
1256_0012_0043_0042_0042.jpg 1 12 43 42 42
1257_0012_0019_0059_0059.jpg 1 12 19 59 59
1258_0007_0061_0031_0031.jpg 1 7 61 31 31
1259_0030_0026_0064_0064.jpg 1 30 26 64 64
1260_0030_0032_0062_0062.jpg 1 30 32 62 62
1261_0030_0012_0063_0063.jpg 1 30 12 63 63
1262_0006_0037_0058_0058.jpg 1 6 37 58 58
1263_0025_0020_0069_0069.jpg 1 25 20 69 69
1264_0019_0045_0032_0032.jpg 1 19 45 32 32
1265_0035_0043_0033_0033.jpg 1 35 43 33 33
1266_0008_0009_0057_0057.jpg 1 8 9 57 57
1267_0036_0010_0054_0054.jpg 1 36 10 54 54
1268_0032_0023_0063_0063.jpg 1 32 23 63 63
1269_0028_0005_0045_0045.jpg 1 28 5 45 45
1270_0015_0010_0055_0055.jpg 1 15 10 55 55
1271_0031_0047_0033_0033.jpg 1 31 47 33 33
1272_0028_0016_0054_0054.jpg 1 28 16 54 54
1273_0011_0013_0069_0069.jpg 1 11 13 69 69
1274_0030_0042_0052_0052.jpg 1 30 42 52 52
1275_0033_0025_0042_0042.jpg 1 33 25 42 42
1276_0037_0030_0056_0056.jpg 1 37 30 56 56
1277_0041_0032_0052_0052.jpg 1 41 32 52 52
1278_0024_0025_0055_0055.jpg 1 24 25 55 55
1279_0035_0007_0052_0052.jpg 1 35 7 52 52
1280_0006_0039_0034_0034.jpg 1 6 39 34 34
1281_0007_0015_0051_0051.jpg 1 7 15 51 51
1282_0006_0008_0035_0035.jpg 1 6 8 35 35
1283_0034_0035_0045_0045.jpg 1 34 35 45 45
1284_0035_0008_0051_0051.jpg 1 35 8 51 51
1285_0035_0041_0044_0044.jpg 1 35 41 44 44
1286_0007_0015_0052_0052.jpg 1 7 15 52 52
1287_0006_0004_0061_0061.jpg 1 6 4 61 61
1288_0039_0043_0026_0026.jpg 1 39 43 26 26
1289_0011_0015_0060_0060.jpg 1 11 15 60 60
1290_0008_0030_0066_0066.jpg 1 8 30 66 66
1291_0036_0027_0049_0049.jpg 1 36 27 49 49
1292_0006_0035_0052_0052.jpg 1 6 35 52 52
1293_0020_0010_0038_0038.jpg 1 20 10 38 38
1294_0045_0035_0027_0027.jpg 1 45 35 27 27
1295_0027_0021_0050_0050.jpg 1 27 21 50 50
1296_0015_0028_0026_0026.jpg 1 15 28 26 26
1297_0028_0015_0049_0049.jpg 1 28 15 49 49
1298_0040_0025_0051_0051.jpg 1 40 25 51 51
1299_0036_0011_0051_0051.jpg 1 36 11 51 51
1300_0041_0039_0052_0052.jpg 1 41 39 52 52
1301_0021_0003_0063_0063.jpg 1 21 3 63 63
1302_0043_0019_0046_0046.jpg 1 43 19 46 46
1303_0050_0051_0025_0025.jpg 1 50 51 25 25
1304_0012_0025_0069_0069.jpg 1 12 25 69 69
1305_0056_0018_0032_0032.jpg 1 56 18 32 32
1306_0035_0026_0029_0029.jpg 1 35 26 29 29
1307_0026_0010_0063_0063.jpg 1 26 10 63 63
1308_0029_0033_0032_0032.jpg 1 29 33 32 32
1309_0039_0035_0025_0025.jpg 1 39 35 25 25
1310_0061_0012_0026_0026.jpg 1 61 12 26 26
1311_0010_0041_0048_0048.jpg 1 10 41 48 48
1312_0029_0023_0041_0041.jpg 1 29 23 41 41
1313_0020_0051_0036_0036.jpg 1 20 51 36 36
1314_0066_0016_0025_0025.jpg 1 66 16 25 25
1315_0029_0030_0063_0063.jpg 1 29 30 63 63
1316_0035_0027_0058_0058.jpg 1 35 27 58 58
1317_0018_0063_0027_0027.jpg 1 18 63 27 27
1318_0024_0037_0057_0057.jpg 1 24 37 57 57
1319_0022_0015_0059_0059.jpg 1 22 15 59 59
1320_0019_0044_0046_0046.jpg 1 19 44 46 46
1321_0035_0022_0055_0055.jpg 1 35 22 55 55
1322_0004_0029_0057_0057.jpg 1 4 29 57 57
1323_0026_0052_0041_0041.jpg 1 26 52 41 41
1324_0038_0033_0046_0046.jpg 1 38 33 46 46
1325_0042_0027_0044_0044.jpg 1 42 27 44 44
1326_0024_0020_0037_0037.jpg 1 24 20 37 37
1327_0038_0009_0055_0055.jpg 1 38 9 55 55
1328_0024_0035_0042_0042.jpg 1 24 35 42 42
1329_0045_0040_0048_0048.jpg 1 45 40 48 48
1330_0050_0050_0039_0039.jpg 1 50 50 39 39
1331_0045_0034_0048_0048.jpg 1 45 34 48 48
1332_0040_0031_0040_0040.jpg 1 40 31 40 40
1333_0025_0017_0067_0067.jpg 1 25 17 67 67
1334_0028_0023_0035_0035.jpg 1 28 23 35 35
1335_0019_0040_0046_0046.jpg 1 19 40 46 46
1336_0025_0022_0069_0069.jpg 1 25 22 69 69
1337_0011_0017_0036_0036.jpg 1 11 17 36 36
1338_0024_0019_0059_0059.jpg 1 24 19 59 59
1339_0007_0035_0055_0055.jpg 1 7 35 55 55
1340_0025_0039_0029_0029.jpg 1 25 39 29 29
1341_0035_0013_0053_0053.jpg 1 35 13 53 53
1342_0018_0015_0066_0066.jpg 1 18 15 66 66
1343_0037_0018_0056_0056.jpg 1 37 18 56 56
1344_0024_0021_0063_0063.jpg 1 24 21 63 63
1345_0040_0021_0050_0050.jpg 1 40 21 50 50
1346_0031_0014_0059_0059.jpg 1 31 14 59 59
1347_0031_0041_0046_0046.jpg 1 31 41 46 46
1348_0043_0056_0037_0037.jpg 1 43 56 37 37
1349_0016_0006_0064_0064.jpg 1 16 6 64 64
1350_0014_0007_0043_0043.jpg 1 14 7 43 43
1351_0016_0035_0029_0029.jpg 1 16 35 29 29
1352_0018_0018_0044_0044.jpg 1 18 18 44 44
1353_0012_0042_0044_0044.jpg 1 12 42 44 44
1354_0027_0013_0061_0061.jpg 1 27 13 61 61
1355_0018_0016_0063_0063.jpg 1 18 16 63 63
1356_0051_0012_0032_0032.jpg 1 51 12 32 32
1357_0038_0022_0036_0036.jpg 1 38 22 36 36
1358_0023_0023_0052_0052.jpg 1 23 23 52 52
1359_0021_0012_0061_0061.jpg 1 21 12 61 61
1360_0023_0007_0068_0068.jpg 1 23 7 68 68
1361_0052_0024_0030_0030.jpg 1 52 24 30 30
1362_0029_0029_0031_0031.jpg 1 29 29 31 31
1363_0024_0005_0069_0069.jpg 1 24 5 69 69
1364_0004_0008_0063_0063.jpg 1 4 8 63 63
1365_0017_0021_0056_0056.jpg 1 17 21 56 56
1366_0016_0020_0032_0032.jpg 1 16 20 32 32
1367_0053_0027_0028_0028.jpg 1 53 27 28 28
1368_0007_0033_0040_0040.jpg 1 7 33 40 40
1369_0059_0022_0034_0034.jpg 1 59 22 34 34
1370_0014_0019_0062_0062.jpg 1 14 19 62 62
1371_0006_0039_0042_0042.jpg 1 6 39 42 42
1372_0031_0035_0034_0034.jpg 1 31 35 34 34
1373_0045_0044_0043_0043.jpg 1 45 44 43 43
1374_0035_0038_0048_0048.jpg 1 35 38 48 48
1375_0033_0040_0053_0053.jpg 1 33 40 53 53
1376_0027_0044_0043_0043.jpg 1 27 44 43 43
1377_0047_0038_0046_0046.jpg 1 47 38 46 46
1378_0032_0027_0057_0057.jpg 1 32 27 57 57
1379_0013_0026_0064_0064.jpg 1 13 26 64 64
1380_0029_0019_0067_0067.jpg 1 29 19 67 67
1381_0017_0006_0063_0063.jpg 1 17 6 63 63
1382_0008_0020_0065_0065.jpg 1 8 20 65 65
1383_0026_0044_0040_0040.jpg 1 26 44 40 40
1384_0013_0017_0055_0055.jpg 1 13 17 55 55
1385_0016_0016_0027_0027.jpg 1 16 16 27 27
1386_0040_0044_0043_0043.jpg 1 40 44 43 43
1387_0026_0018_0044_0044.jpg 1 26 18 44 44
1388_0006_0041_0042_0042.jpg 1 6 41 42 42
1389_0027_0019_0058_0058.jpg 1 27 19 58 58
1390_0021_0017_0038_0038.jpg 1 21 17 38 38
1391_0050_0012_0043_0043.jpg 1 50 12 43 43
1392_0010_0030_0045_0045.jpg 1 10 30 45 45
1393_0012_0029_0040_0040.jpg 1 12 29 40 40
1394_0043_0012_0037_0037.jpg 1 43 12 37 37
1395_0009_0038_0044_0044.jpg 1 9 38 44 44
1396_0023_0016_0062_0062.jpg 1 23 16 62 62
1397_0016_0047_0030_0030.jpg 1 16 47 30 30
1398_0025_0015_0048_0048.jpg 1 25 15 48 48
1399_0042_0043_0038_0038.jpg 1 42 43 38 38
1400_0018_0028_0064_0064.jpg 1 18 28 64 64
1401_0045_0028_0024_0024.jpg 1 45 28 24 24
1402_0043_0028_0049_0049.jpg 1 43 28 49 49
1403_0011_0012_0046_0046.jpg 1 11 12 46 46
1404_0040_0009_0036_0036.jpg 1 40 9 36 36
1405_0040_0016_0040_0040.jpg 1 40 16 40 40
1406_0051_0019_0029_0029.jpg 1 51 19 29 29
1407_0009_0034_0061_0061.jpg 1 9 34 61 61
1408_0021_0027_0061_0061.jpg 1 21 27 61 61
1409_0016_0021_0069_0069.jpg 1 16 21 69 69
1410_0023_0023_0029_0029.jpg 1 23 23 29 29
1411_0034_0013_0046_0046.jpg 1 34 13 46 46
1412_0027_0013_0043_0043.jpg 1 27 13 43 43
1413_0011_0022_0069_0069.jpg 1 11 22 69 69
1414_0045_0041_0043_0043.jpg 1 45 41 43 43
1415_0027_0019_0067_0067.jpg 1 27 19 67 67
1416_0029_0024_0066_0066.jpg 1 29 24 66 66
1417_0043_0019_0048_0048.jpg 1 43 19 48 48
1418_0013_0018_0059_0059.jpg 1 13 18 59 59
1419_0039_0039_0052_0052.jpg 1 39 39 52 52
1420_0008_0011_0065_0065.jpg 1 8 11 65 65
1421_0006_0025_0064_0064.jpg 1 6 25 64 64
1422_0010_0028_0051_0051.jpg 1 10 28 51 51
1423_0053_0014_0024_0024.jpg 1 53 14 24 24
1424_0010_0019_0054_0054.jpg 1 10 19 54 54
1425_0061_0021_0030_0030.jpg 1 61 21 30 30
1426_0007_0007_0069_0069.jpg 1 7 7 69 69
1427_0013_0051_0040_0040.jpg 1 13 51 40 40
1428_0034_0062_0025_0025.jpg 1 34 62 25 25
1429_0023_0010_0034_0034.jpg 1 23 10 34 34
1430_0031_0021_0048_0048.jpg 1 31 21 48 48
1431_0029_0017_0053_0053.jpg 1 29 17 53 53
1432_0016_0020_0036_0036.jpg 1 16 20 36 36
1433_0006_0010_0053_0053.jpg 1 6 10 53 53
1434_0048_0047_0029_0029.jpg 1 48 47 29 29
1435_0006_0029_0043_0043.jpg 1 6 29 43 43
1436_0022_0021_0067_0067.jpg 1 22 21 67 67
1437_0025_0013_0044_0044.jpg 1 25 13 44 44
1438_0030_0026_0065_0065.jpg 1 30 26 65 65
1439_0028_0031_0056_0056.jpg 1 28 31 56 56
1440_0030_0036_0058_0058.jpg 1 30 36 58 58
1441_0045_0022_0027_0027.jpg 1 45 22 27 27
1442_0034_0023_0032_0032.jpg 1 34 23 32 32
1443_0007_0013_0062_0062.jpg 1 7 13 62 62
1444_0006_0016_0047_0047.jpg 1 6 16 47 47
1445_0008_0006_0035_0035.jpg 1 8 6 35 35
1446_0035_0042_0033_0033.jpg 1 35 42 33 33
1447_0013_0022_0040_0040.jpg 1 13 22 40 40
1448_0011_0006_0065_0065.jpg 1 11 6 65 65
1449_0019_0012_0061_0061.jpg 1 19 12 61 61
1450_0045_0017_0028_0028.jpg 1 45 17 28 28
1451_0013_0020_0065_0065.jpg 1 13 20 65 65
1452_0008_0015_0043_0043.jpg 1 8 15 43 43
1453_0036_0007_0054_0054.jpg 1 36 7 54 54
1454_0014_0029_0056_0056.jpg 1 14 29 56 56
1455_0032_0041_0026_0026.jpg 1 32 41 26 26
1456_0043_0024_0037_0037.jpg 1 43 24 37 37
1457_0021_0025_0047_0047.jpg 1 21 25 47 47
1458_0048_0034_0046_0046.jpg 1 48 34 46 46
1459_0040_0012_0034_0034.jpg 1 40 12 34 34
1460_0016_0020_0032_0032.jpg 1 16 20 32 32
1461_0026_0014_0066_0066.jpg 1 26 14 66 66
1462_0047_0042_0042_0042.jpg 1 47 42 42 42
1463_0009_0026_0048_0048.jpg 1 9 26 48 48
1464_0049_0028_0036_0036.jpg 1 49 28 36 36
1465_0024_0045_0027_0027.jpg 1 24 45 27 27
1466_0036_0007_0059_0059.jpg 1 36 7 59 59
1467_0011_0011_0054_0054.jpg 1 11 11 54 54
1468_0012_0005_0069_0069.jpg 1 12 5 69 69
1469_0006_0026_0053_0053.jpg 1 6 26 53 53
1470_0042_0047_0030_0030.jpg 1 42 47 30 30
1471_0032_0026_0060_0060.jpg 1 32 26 60 60
1472_0026_0004_0068_0068.jpg 1 26 4 68 68
1473_0017_0009_0056_0056.jpg 1 17 9 56 56
1474_0050_0051_0031_0031.jpg 1 50 51 31 31
1475_0018_0034_0041_0041.jpg 1 18 34 41 41
1476_0014_0016_0065_0065.jpg 1 14 16 65 65
1477_0029_0029_0053_0053.jpg 1 29 29 53 53
1478_0025_0021_0047_0047.jpg 1 25 21 47 47
1479_0047_0023_0028_0028.jpg 1 47 23 28 28
1480_0053_0052_0039_0039.jpg 1 53 52 39 39
1481_0029_0025_0065_0065.jpg 1 29 25 65 65
1482_0010_0012_0054_0054.jpg 1 10 12 54 54
1483_0015_0029_0059_0059.jpg 1 15 29 59 59
1484_0021_0011_0056_0056.jpg 1 21 11 56 56
1485_0012_0024_0025_0025.jpg 1 12 24 25 25
1486_0004_0023_0064_0064.jpg 1 4 23 64 64
1487_0039_0057_0026_0026.jpg 1 39 57 26 26
1488_0045_0064_0026_0026.jpg 1 45 64 26 26
1489_0024_0050_0043_0043.jpg 1 24 50 43 43
1490_0040_0051_0024_0024.jpg 1 40 51 24 24
1491_0007_0029_0049_0049.jpg 1 7 29 49 49
1492_0018_0003_0069_0069.jpg 1 18 3 69 69
1493_0049_0037_0035_0035.jpg 1 49 37 35 35
1494_0032_0032_0042_0042.jpg 1 32 32 42 42
1495_0032_0029_0047_0047.jpg 1 32 29 47 47
1496_0015_0040_0051_0051.jpg 1 15 40 51 51
1497_0026_0038_0038_0038.jpg 1 26 38 38 38
1498_0005_0030_0059_0059.jpg 1 5 30 59 59
1499_0010_0020_0058_0058.jpg 1 10 20 58 58
1500_0034_0052_0031_0031.jpg 1 34 52 31 31
